SF:/home/akelbsch/.rustup/toolchains/nightly-x86_64-unknown-linux-gnu/lib/rustlib/src/rust/library/std/src/sys/thread_local/native/mod.rs
FN:63,_RNCNKNvNtNtCs9NR9ESuCzEp_5tokio4task5local7CURRENT00B9_
FN:92,_RNCNKNvNtNtCs9NR9ESuCzEp_5tokio7runtime4park14CURRENT_PARKER00B9_
FN:63,_RNCNKNvNtNtCs9NR9ESuCzEp_5tokio7runtime7context7CONTEXT00B9_
FN:85,_RNvNvNtNtCs9NR9ESuCzEp_5tokio7runtime4park14CURRENT_PARKER27___rust_std_internal_init_fn
FN:71,_RNCNKNvNtNtCs9NR9ESuCzEp_5tokio4task5local7CURRENT0s_0B9_
FN:100,_RNCNKNvNtNtCs9NR9ESuCzEp_5tokio7runtime4park14CURRENT_PARKER0s_0B9_
FN:71,_RNCNKNvNtNtCs9NR9ESuCzEp_5tokio7runtime7context7CONTEXT0s_0B9_
FN:100,_RNCNKNvNtCs4EYDOOrjJUs_8fastrand10global_rng3RNG0s_0Cs8BasmOmFkuG_8tempfile
FN:85,_RNvNvNtCs4EYDOOrjJUs_8fastrand10global_rng3RNG27___rust_std_internal_init_fn
FN:100,_RNCNKNvNtCs4EYDOOrjJUs_8fastrand10global_rng3RNG0s_0B7_
FN:92,_RNCNKNvNtCs4EYDOOrjJUs_8fastrand10global_rng3RNG00B7_
FNDA:0,_RNCNKNvNtNtCs9NR9ESuCzEp_5tokio4task5local7CURRENT00B9_
FNDA:0,_RNCNKNvNtNtCs9NR9ESuCzEp_5tokio7runtime4park14CURRENT_PARKER00B9_
FNDA:0,_RNCNKNvNtNtCs9NR9ESuCzEp_5tokio7runtime7context7CONTEXT00B9_
FNDA:0,_RNvNvNtNtCs9NR9ESuCzEp_5tokio7runtime4park14CURRENT_PARKER27___rust_std_internal_init_fn
FNDA:0,_RNCNKNvNtNtCs9NR9ESuCzEp_5tokio4task5local7CURRENT0s_0B9_
FNDA:0,_RNCNKNvNtNtCs9NR9ESuCzEp_5tokio7runtime4park14CURRENT_PARKER0s_0B9_
FNDA:0,_RNCNKNvNtNtCs9NR9ESuCzEp_5tokio7runtime7context7CONTEXT0s_0B9_
FNDA:0,_RNCNKNvNtCs4EYDOOrjJUs_8fastrand10global_rng3RNG0s_0Cs8BasmOmFkuG_8tempfile
FNDA:0,_RNvNvNtCs4EYDOOrjJUs_8fastrand10global_rng3RNG27___rust_std_internal_init_fn
FNDA:0,_RNCNKNvNtCs4EYDOOrjJUs_8fastrand10global_rng3RNG0s_0B7_
FNDA:0,_RNCNKNvNtCs4EYDOOrjJUs_8fastrand10global_rng3RNG00B7_
FNF:5
FNH:0
DA:63,0
DA:68,0
DA:69,0
DA:71,0
DA:75,0
DA:76,0
DA:85,0
DA:87,0
DA:92,0
DA:97,0
DA:98,0
DA:100,0
DA:105,0
DA:106,0
BRF:0
BRH:0
LF:14
LH:0
end_of_record
SF:/home/akelbsch/projects/scion/endhost/public/scion-proto/scion-protobuf/src/proto/proto.control_plane.v1.rs
FN:628,_RINvMNtNtNtCsk5MUdMCAQgk_14scion_protobuf13control_plane2v127dr_key_inter_service_clientINtB3_23DrKeyInterServiceClientNtNtNtCs5VJ8GLlaEd8_5tonic9transport7channel7ChannelE7connectpEB9_
FN:777,_RINvMNtNtNtCsk5MUdMCAQgk_14scion_protobuf13control_plane2v127dr_key_inter_service_serverINtB3_23DrKeyInterServiceServerpE16with_interceptorpEB9_
FN:935,_RINvMNtNtNtCsk5MUdMCAQgk_14scion_protobuf13control_plane2v127dr_key_intra_service_clientINtB3_23DrKeyIntraServiceClientNtNtNtCs5VJ8GLlaEd8_5tonic9transport7channel7ChannelE7connectpEB9_
FN:1236,_RINvMNtNtNtCsk5MUdMCAQgk_14scion_protobuf13control_plane2v127dr_key_intra_service_serverINtB3_23DrKeyIntraServiceServerpE16with_interceptorpEB9_
FN:1620,_RINvMNtNtNtCsk5MUdMCAQgk_14scion_protobuf13control_plane2v128chain_renewal_service_clientINtB3_25ChainRenewalServiceClientNtNtNtCs5VJ8GLlaEd8_5tonic9transport7channel7ChannelE7connectpEB9_
FN:1769,_RINvMNtNtNtCsk5MUdMCAQgk_14scion_protobuf13control_plane2v128chain_renewal_service_serverINtB3_25ChainRenewalServiceServerpE16with_interceptorpEB9_
FN:2312,_RINvMNtNtNtCsk5MUdMCAQgk_14scion_protobuf13control_plane2v129segment_lookup_service_clientINtB3_26SegmentLookupServiceClientNtNtNtCs5VJ8GLlaEd8_5tonic9transport7channel7ChannelE7connectpEB9_
FN:2461,_RINvMNtNtNtCsk5MUdMCAQgk_14scion_protobuf13control_plane2v129segment_lookup_service_serverINtB3_26SegmentLookupServiceServerpE16with_interceptorpEB9_
FN:88,_RINvMNtNtNtCsk5MUdMCAQgk_14scion_protobuf13control_plane2v129trust_material_service_clientINtB3_26TrustMaterialServiceClientNtNtNtCs5VJ8GLlaEd8_5tonic9transport7channel7ChannelE7connectpEB9_
FN:260,_RINvMNtNtNtCsk5MUdMCAQgk_14scion_protobuf13control_plane2v129trust_material_service_serverINtB3_26TrustMaterialServiceServerpE16with_interceptorpEB9_
FN:2934,_RINvMNtNtNtCsk5MUdMCAQgk_14scion_protobuf13control_plane2v131segment_creation_service_clientINtB3_28SegmentCreationServiceClientNtNtNtCs5VJ8GLlaEd8_5tonic9transport7channel7ChannelE7connectpEB9_
FN:3079,_RINvMNtNtNtCsk5MUdMCAQgk_14scion_protobuf13control_plane2v131segment_creation_service_serverINtB3_28SegmentCreationServiceServerpE16with_interceptorpEB9_
FN:2619,_RINvMNtNtNtCsk5MUdMCAQgk_14scion_protobuf13control_plane2v135segment_registration_service_clientINtB3_32SegmentRegistrationServiceClientNtNtNtCs5VJ8GLlaEd8_5tonic9transport7channel7ChannelE7connectpEB9_
FN:2770,_RINvMNtNtNtCsk5MUdMCAQgk_14scion_protobuf13control_plane2v135segment_registration_service_serverINtB3_32SegmentRegistrationServiceServerpE16with_interceptorpEB9_
FN:703,_RINvMs_NtNtNtCsk5MUdMCAQgk_14scion_protobuf13control_plane2v127dr_key_inter_service_clientINtB5_23DrKeyInterServiceClientpE13dr_key_level1pEBb_
FN:652,_RINvMs_NtNtNtCsk5MUdMCAQgk_14scion_protobuf13control_plane2v127dr_key_inter_service_clientINtB5_23DrKeyInterServiceClientpE16with_interceptorpEBb_
FN:1040,_RINvMs_NtNtNtCsk5MUdMCAQgk_14scion_protobuf13control_plane2v127dr_key_intra_service_clientINtB5_23DrKeyIntraServiceClientpE14dr_key_as_hostpEBb_
FN:1070,_RINvMs_NtNtNtCsk5MUdMCAQgk_14scion_protobuf13control_plane2v127dr_key_intra_service_clientINtB5_23DrKeyIntraServiceClientpE14dr_key_host_aspEBb_
FN:1100,_RINvMs_NtNtNtCsk5MUdMCAQgk_14scion_protobuf13control_plane2v127dr_key_intra_service_clientINtB5_23DrKeyIntraServiceClientpE16dr_key_host_hostpEBb_
FN:959,_RINvMs_NtNtNtCsk5MUdMCAQgk_14scion_protobuf13control_plane2v127dr_key_intra_service_clientINtB5_23DrKeyIntraServiceClientpE16with_interceptorpEBb_
FN:1010,_RINvMs_NtNtNtCsk5MUdMCAQgk_14scion_protobuf13control_plane2v127dr_key_intra_service_clientINtB5_23DrKeyIntraServiceClientpE19dr_key_intra_level1pEBb_
FN:1130,_RINvMs_NtNtNtCsk5MUdMCAQgk_14scion_protobuf13control_plane2v127dr_key_intra_service_clientINtB5_23DrKeyIntraServiceClientpE19dr_key_secret_valuepEBb_
FN:1695,_RINvMs_NtNtNtCsk5MUdMCAQgk_14scion_protobuf13control_plane2v128chain_renewal_service_clientINtB5_25ChainRenewalServiceClientpE13chain_renewalpEBb_
FN:1644,_RINvMs_NtNtNtCsk5MUdMCAQgk_14scion_protobuf13control_plane2v128chain_renewal_service_clientINtB5_25ChainRenewalServiceClientpE16with_interceptorpEBb_
FN:2336,_RINvMs_NtNtNtCsk5MUdMCAQgk_14scion_protobuf13control_plane2v129segment_lookup_service_clientINtB5_26SegmentLookupServiceClientpE16with_interceptorpEBb_
FN:2387,_RINvMs_NtNtNtCsk5MUdMCAQgk_14scion_protobuf13control_plane2v129segment_lookup_service_clientINtB5_26SegmentLookupServiceClientpE8segmentspEBb_
FN:112,_RINvMs_NtNtNtCsk5MUdMCAQgk_14scion_protobuf13control_plane2v129trust_material_service_clientINtB5_26TrustMaterialServiceClientpE16with_interceptorpEBb_
FN:190,_RINvMs_NtNtNtCsk5MUdMCAQgk_14scion_protobuf13control_plane2v129trust_material_service_clientINtB5_26TrustMaterialServiceClientpE3trcpEBb_
FN:163,_RINvMs_NtNtNtCsk5MUdMCAQgk_14scion_protobuf13control_plane2v129trust_material_service_clientINtB5_26TrustMaterialServiceClientpE6chainspEBb_
FN:2958,_RINvMs_NtNtNtCsk5MUdMCAQgk_14scion_protobuf13control_plane2v131segment_creation_service_clientINtB5_28SegmentCreationServiceClientpE16with_interceptorpEBb_
FN:3011,_RINvMs_NtNtNtCsk5MUdMCAQgk_14scion_protobuf13control_plane2v131segment_creation_service_clientINtB5_28SegmentCreationServiceClientpE6beaconpEBb_
FN:2643,_RINvMs_NtNtNtCsk5MUdMCAQgk_14scion_protobuf13control_plane2v135segment_registration_service_clientINtB5_32SegmentRegistrationServiceClientpE16with_interceptorpEBb_
FN:2696,_RINvMs_NtNtNtCsk5MUdMCAQgk_14scion_protobuf13control_plane2v135segment_registration_service_clientINtB5_32SegmentRegistrationServiceClientpE21segments_registrationpEBb_
FN:632,_RNCINvMNtNtNtCsk5MUdMCAQgk_14scion_protobuf13control_plane2v127dr_key_inter_service_clientINtB5_23DrKeyInterServiceClientNtNtNtCs5VJ8GLlaEd8_5tonic9transport7channel7ChannelE7connectpE0Bb_
FN:939,_RNCINvMNtNtNtCsk5MUdMCAQgk_14scion_protobuf13control_plane2v127dr_key_intra_service_clientINtB5_23DrKeyIntraServiceClientNtNtNtCs5VJ8GLlaEd8_5tonic9transport7channel7ChannelE7connectpE0Bb_
FN:1624,_RNCINvMNtNtNtCsk5MUdMCAQgk_14scion_protobuf13control_plane2v128chain_renewal_service_clientINtB5_25ChainRenewalServiceClientNtNtNtCs5VJ8GLlaEd8_5tonic9transport7channel7ChannelE7connectpE0Bb_
FN:2316,_RNCINvMNtNtNtCsk5MUdMCAQgk_14scion_protobuf13control_plane2v129segment_lookup_service_clientINtB5_26SegmentLookupServiceClientNtNtNtCs5VJ8GLlaEd8_5tonic9transport7channel7ChannelE7connectpE0Bb_
FN:92,_RNCINvMNtNtNtCsk5MUdMCAQgk_14scion_protobuf13control_plane2v129trust_material_service_clientINtB5_26TrustMaterialServiceClientNtNtNtCs5VJ8GLlaEd8_5tonic9transport7channel7ChannelE7connectpE0Bb_
FN:2938,_RNCINvMNtNtNtCsk5MUdMCAQgk_14scion_protobuf13control_plane2v131segment_creation_service_clientINtB5_28SegmentCreationServiceClientNtNtNtCs5VJ8GLlaEd8_5tonic9transport7channel7ChannelE7connectpE0Bb_
FN:2623,_RNCINvMNtNtNtCsk5MUdMCAQgk_14scion_protobuf13control_plane2v135segment_registration_service_clientINtB5_32SegmentRegistrationServiceClientNtNtNtCs5VJ8GLlaEd8_5tonic9transport7channel7ChannelE7connectpE0Bb_
FN:709,_RNCINvMs_NtNtNtCsk5MUdMCAQgk_14scion_protobuf13control_plane2v127dr_key_inter_service_clientINtB7_23DrKeyInterServiceClientpE13dr_key_level1pE0Bd_
FN:1046,_RNCINvMs_NtNtNtCsk5MUdMCAQgk_14scion_protobuf13control_plane2v127dr_key_intra_service_clientINtB7_23DrKeyIntraServiceClientpE14dr_key_as_hostpE0Bd_
FN:1076,_RNCINvMs_NtNtNtCsk5MUdMCAQgk_14scion_protobuf13control_plane2v127dr_key_intra_service_clientINtB7_23DrKeyIntraServiceClientpE14dr_key_host_aspE0Bd_
FN:1106,_RNCINvMs_NtNtNtCsk5MUdMCAQgk_14scion_protobuf13control_plane2v127dr_key_intra_service_clientINtB7_23DrKeyIntraServiceClientpE16dr_key_host_hostpE0Bd_
FN:1016,_RNCINvMs_NtNtNtCsk5MUdMCAQgk_14scion_protobuf13control_plane2v127dr_key_intra_service_clientINtB7_23DrKeyIntraServiceClientpE19dr_key_intra_level1pE0Bd_
FN:1136,_RNCINvMs_NtNtNtCsk5MUdMCAQgk_14scion_protobuf13control_plane2v127dr_key_intra_service_clientINtB7_23DrKeyIntraServiceClientpE19dr_key_secret_valuepE0Bd_
FN:1701,_RNCINvMs_NtNtNtCsk5MUdMCAQgk_14scion_protobuf13control_plane2v128chain_renewal_service_clientINtB7_25ChainRenewalServiceClientpE13chain_renewalpE0Bd_
FN:2393,_RNCINvMs_NtNtNtCsk5MUdMCAQgk_14scion_protobuf13control_plane2v129segment_lookup_service_clientINtB7_26SegmentLookupServiceClientpE8segmentspE0Bd_
FN:193,_RNCINvMs_NtNtNtCsk5MUdMCAQgk_14scion_protobuf13control_plane2v129trust_material_service_clientINtB7_26TrustMaterialServiceClientpE3trcpE0Bd_
FN:166,_RNCINvMs_NtNtNtCsk5MUdMCAQgk_14scion_protobuf13control_plane2v129trust_material_service_clientINtB7_26TrustMaterialServiceClientpE6chainspE0Bd_
FN:3014,_RNCINvMs_NtNtNtCsk5MUdMCAQgk_14scion_protobuf13control_plane2v131segment_creation_service_clientINtB7_28SegmentCreationServiceClientpE6beaconpE0Bd_
FN:2702,_RNCINvMs_NtNtNtCsk5MUdMCAQgk_14scion_protobuf13control_plane2v135segment_registration_service_clientINtB7_32SegmentRegistrationServiceClientpE21segments_registrationpE0Bd_
FN:713,_RNCNCINvMs_NtNtNtCsk5MUdMCAQgk_14scion_protobuf13control_plane2v127dr_key_inter_service_clientINtB9_23DrKeyInterServiceClientpE13dr_key_level1pE00Bf_
FN:1050,_RNCNCINvMs_NtNtNtCsk5MUdMCAQgk_14scion_protobuf13control_plane2v127dr_key_intra_service_clientINtB9_23DrKeyIntraServiceClientpE14dr_key_as_hostpE00Bf_
FN:1080,_RNCNCINvMs_NtNtNtCsk5MUdMCAQgk_14scion_protobuf13control_plane2v127dr_key_intra_service_clientINtB9_23DrKeyIntraServiceClientpE14dr_key_host_aspE00Bf_
FN:1110,_RNCNCINvMs_NtNtNtCsk5MUdMCAQgk_14scion_protobuf13control_plane2v127dr_key_intra_service_clientINtB9_23DrKeyIntraServiceClientpE16dr_key_host_hostpE00Bf_
FN:1020,_RNCNCINvMs_NtNtNtCsk5MUdMCAQgk_14scion_protobuf13control_plane2v127dr_key_intra_service_clientINtB9_23DrKeyIntraServiceClientpE19dr_key_intra_level1pE00Bf_
FN:1140,_RNCNCINvMs_NtNtNtCsk5MUdMCAQgk_14scion_protobuf13control_plane2v127dr_key_intra_service_clientINtB9_23DrKeyIntraServiceClientpE19dr_key_secret_valuepE00Bf_
FN:1705,_RNCNCINvMs_NtNtNtCsk5MUdMCAQgk_14scion_protobuf13control_plane2v128chain_renewal_service_clientINtB9_25ChainRenewalServiceClientpE13chain_renewalpE00Bf_
FN:2397,_RNCNCINvMs_NtNtNtCsk5MUdMCAQgk_14scion_protobuf13control_plane2v129segment_lookup_service_clientINtB9_26SegmentLookupServiceClientpE8segmentspE00Bf_
FN:197,_RNCNCINvMs_NtNtNtCsk5MUdMCAQgk_14scion_protobuf13control_plane2v129trust_material_service_clientINtB9_26TrustMaterialServiceClientpE3trcpE00Bf_
FN:170,_RNCNCINvMs_NtNtNtCsk5MUdMCAQgk_14scion_protobuf13control_plane2v129trust_material_service_clientINtB9_26TrustMaterialServiceClientpE6chainspE00Bf_
FN:3018,_RNCNCINvMs_NtNtNtCsk5MUdMCAQgk_14scion_protobuf13control_plane2v131segment_creation_service_clientINtB9_28SegmentCreationServiceClientpE6beaconpE00Bf_
FN:2706,_RNCNCINvMs_NtNtNtCsk5MUdMCAQgk_14scion_protobuf13control_plane2v135segment_registration_service_clientINtB9_32SegmentRegistrationServiceClientpE21segments_registrationpE00Bf_
FN:861,_RNCNvXININtNtNtCsk5MUdMCAQgk_14scion_protobuf13control_plane2v127dr_key_inter_service_servers_0ppEINtB7_23DrKeyInterServiceServerpEINtCsamObgW7glvt_13tower_service7ServiceINtNtCsjYnxdl0q3X8_4http7request7RequestpEE4call0Bd_
FN:879,_RNCNvXININtNtNtCsk5MUdMCAQgk_14scion_protobuf13control_plane2v127dr_key_inter_service_servers_0ppEINtB7_23DrKeyInterServiceServerpEINtCsamObgW7glvt_13tower_service7ServiceINtNtCsjYnxdl0q3X8_4http7request7RequestpEE4calls_0Bd_
FN:1323,_RNCNvXININtNtNtCsk5MUdMCAQgk_14scion_protobuf13control_plane2v127dr_key_intra_service_servers_0ppEINtB7_23DrKeyIntraServiceServerpEINtCsamObgW7glvt_13tower_service7ServiceINtNtCsjYnxdl0q3X8_4http7request7RequestpEE4call0Bd_
FN:1415,_RNCNvXININtNtNtCsk5MUdMCAQgk_14scion_protobuf13control_plane2v127dr_key_intra_service_servers_0ppEINtB7_23DrKeyIntraServiceServerpEINtCsamObgW7glvt_13tower_service7ServiceINtNtCsjYnxdl0q3X8_4http7request7RequestpEE4calls0_0Bd_
FN:1461,_RNCNvXININtNtNtCsk5MUdMCAQgk_14scion_protobuf13control_plane2v127dr_key_intra_service_servers_0ppEINtB7_23DrKeyIntraServiceServerpEINtCsamObgW7glvt_13tower_service7ServiceINtNtCsjYnxdl0q3X8_4http7request7RequestpEE4calls1_0Bd_
FN:1510,_RNCNvXININtNtNtCsk5MUdMCAQgk_14scion_protobuf13control_plane2v127dr_key_intra_service_servers_0ppEINtB7_23DrKeyIntraServiceServerpEINtCsamObgW7glvt_13tower_service7ServiceINtNtCsjYnxdl0q3X8_4http7request7RequestpEE4calls2_0Bd_
FN:1528,_RNCNvXININtNtNtCsk5MUdMCAQgk_14scion_protobuf13control_plane2v127dr_key_intra_service_servers_0ppEINtB7_23DrKeyIntraServiceServerpEINtCsamObgW7glvt_13tower_service7ServiceINtNtCsjYnxdl0q3X8_4http7request7RequestpEE4calls3_0Bd_
FN:1369,_RNCNvXININtNtNtCsk5MUdMCAQgk_14scion_protobuf13control_plane2v127dr_key_intra_service_servers_0ppEINtB7_23DrKeyIntraServiceServerpEINtCsamObgW7glvt_13tower_service7ServiceINtNtCsjYnxdl0q3X8_4http7request7RequestpEE4calls_0Bd_
FN:1853,_RNCNvXININtNtNtCsk5MUdMCAQgk_14scion_protobuf13control_plane2v128chain_renewal_service_servers_0ppEINtB7_25ChainRenewalServiceServerpEINtCsamObgW7glvt_13tower_service7ServiceINtNtCsjYnxdl0q3X8_4http7request7RequestpEE4call0Bd_
FN:1871,_RNCNvXININtNtNtCsk5MUdMCAQgk_14scion_protobuf13control_plane2v128chain_renewal_service_servers_0ppEINtB7_25ChainRenewalServiceServerpEINtCsamObgW7glvt_13tower_service7ServiceINtNtCsjYnxdl0q3X8_4http7request7RequestpEE4calls_0Bd_
FN:2545,_RNCNvXININtNtNtCsk5MUdMCAQgk_14scion_protobuf13control_plane2v129segment_lookup_service_servers_0ppEINtB7_26SegmentLookupServiceServerpEINtCsamObgW7glvt_13tower_service7ServiceINtNtCsjYnxdl0q3X8_4http7request7RequestpEE4call0Bd_
FN:2563,_RNCNvXININtNtNtCsk5MUdMCAQgk_14scion_protobuf13control_plane2v129segment_lookup_service_servers_0ppEINtB7_26SegmentLookupServiceServerpEINtCsamObgW7glvt_13tower_service7ServiceINtNtCsjYnxdl0q3X8_4http7request7RequestpEE4calls_0Bd_
FN:344,_RNCNvXININtNtNtCsk5MUdMCAQgk_14scion_protobuf13control_plane2v129trust_material_service_servers_0ppEINtB7_26TrustMaterialServiceServerpEINtCsamObgW7glvt_13tower_service7ServiceINtNtCsjYnxdl0q3X8_4http7request7RequestpEE4call0Bd_
FN:406,_RNCNvXININtNtNtCsk5MUdMCAQgk_14scion_protobuf13control_plane2v129trust_material_service_servers_0ppEINtB7_26TrustMaterialServiceServerpEINtCsamObgW7glvt_13tower_service7ServiceINtNtCsjYnxdl0q3X8_4http7request7RequestpEE4calls0_0Bd_
FN:388,_RNCNvXININtNtNtCsk5MUdMCAQgk_14scion_protobuf13control_plane2v129trust_material_service_servers_0ppEINtB7_26TrustMaterialServiceServerpEINtCsamObgW7glvt_13tower_service7ServiceINtNtCsjYnxdl0q3X8_4http7request7RequestpEE4calls_0Bd_
FN:3163,_RNCNvXININtNtNtCsk5MUdMCAQgk_14scion_protobuf13control_plane2v131segment_creation_service_servers_0ppEINtB7_28SegmentCreationServiceServerpEINtCsamObgW7glvt_13tower_service7ServiceINtNtCsjYnxdl0q3X8_4http7request7RequestpEE4call0Bd_
FN:3181,_RNCNvXININtNtNtCsk5MUdMCAQgk_14scion_protobuf13control_plane2v131segment_creation_service_servers_0ppEINtB7_28SegmentCreationServiceServerpEINtCsamObgW7glvt_13tower_service7ServiceINtNtCsjYnxdl0q3X8_4http7request7RequestpEE4calls_0Bd_
FN:2860,_RNCNvXININtNtNtCsk5MUdMCAQgk_14scion_protobuf13control_plane2v135segment_registration_service_servers_0ppEINtB7_32SegmentRegistrationServiceServerpEINtCsamObgW7glvt_13tower_service7ServiceINtNtCsjYnxdl0q3X8_4http7request7RequestpEE4call0Bd_
FN:2878,_RNCNvXININtNtNtCsk5MUdMCAQgk_14scion_protobuf13control_plane2v135segment_registration_service_servers_0ppEINtB7_32SegmentRegistrationServiceServerpEINtCsamObgW7glvt_13tower_service7ServiceINtNtCsjYnxdl0q3X8_4http7request7RequestpEE4calls_0Bd_
FN:849,_RNCNvXININvXs_NtNtNtCsk5MUdMCAQgk_14scion_protobuf13control_plane2v127dr_key_inter_service_serverINtBc_23DrKeyInterServiceServerpEINtCsamObgW7glvt_13tower_service7ServiceINtNtCsjYnxdl0q3X8_4http7request7RequestpEE4call0pEINtB7_14DRKeyLevel1SvcpEINtNtNtCs5VJ8GLlaEd8_5tonic6server7service12UnaryServiceNtBe_18DrKeyLevel1RequestE4call0Bi_
FN:1308,_RNCNvXININvXs_NtNtNtCsk5MUdMCAQgk_14scion_protobuf13control_plane2v127dr_key_intra_service_serverINtBc_23DrKeyIntraServiceServerpEINtCsamObgW7glvt_13tower_service7ServiceINtNtCsjYnxdl0q3X8_4http7request7RequestpEE4call0pEINtB7_19DRKeyIntraLevel1SvcpEINtNtNtCs5VJ8GLlaEd8_5tonic6server7service12UnaryServiceNtBe_23DrKeyIntraLevel1RequestE4call0Bi_
FN:1403,_RNCNvXININvXs_NtNtNtCsk5MUdMCAQgk_14scion_protobuf13control_plane2v127dr_key_intra_service_serverINtBc_23DrKeyIntraServiceServerpEINtCsamObgW7glvt_13tower_service7ServiceINtNtCsjYnxdl0q3X8_4http7request7RequestpEE4calls0_0pEINtB7_14DRKeyHostASSvcpEINtNtNtCs5VJ8GLlaEd8_5tonic6server7service12UnaryServiceNtBe_18DrKeyHostAsRequestE4call0Bi_
FN:1449,_RNCNvXININvXs_NtNtNtCsk5MUdMCAQgk_14scion_protobuf13control_plane2v127dr_key_intra_service_serverINtBc_23DrKeyIntraServiceServerpEINtCsamObgW7glvt_13tower_service7ServiceINtNtCsjYnxdl0q3X8_4http7request7RequestpEE4calls1_0pEINtB7_16DRKeyHostHostSvcpEINtNtNtCs5VJ8GLlaEd8_5tonic6server7service12UnaryServiceNtBe_20DrKeyHostHostRequestE4call0Bi_
FN:1495,_RNCNvXININvXs_NtNtNtCsk5MUdMCAQgk_14scion_protobuf13control_plane2v127dr_key_intra_service_serverINtBc_23DrKeyIntraServiceServerpEINtCsamObgW7glvt_13tower_service7ServiceINtNtCsjYnxdl0q3X8_4http7request7RequestpEE4calls2_0pEINtB7_19DRKeySecretValueSvcpEINtNtNtCs5VJ8GLlaEd8_5tonic6server7service12UnaryServiceNtBe_23DrKeySecretValueRequestE4call0Bi_
FN:1357,_RNCNvXININvXs_NtNtNtCsk5MUdMCAQgk_14scion_protobuf13control_plane2v127dr_key_intra_service_serverINtBc_23DrKeyIntraServiceServerpEINtCsamObgW7glvt_13tower_service7ServiceINtNtCsjYnxdl0q3X8_4http7request7RequestpEE4calls_0pEINtB7_14DRKeyASHostSvcpEINtNtNtCs5VJ8GLlaEd8_5tonic6server7service12UnaryServiceNtBe_18DrKeyAsHostRequestE4call0Bi_
FN:1841,_RNCNvXININvXs_NtNtNtCsk5MUdMCAQgk_14scion_protobuf13control_plane2v128chain_renewal_service_serverINtBc_25ChainRenewalServiceServerpEINtCsamObgW7glvt_13tower_service7ServiceINtNtCsjYnxdl0q3X8_4http7request7RequestpEE4call0pEINtB7_15ChainRenewalSvcpEINtNtNtCs5VJ8GLlaEd8_5tonic6server7service12UnaryServiceNtBe_19ChainRenewalRequestE4call0Bi_
FN:2534,_RNCNvXININvXs_NtNtNtCsk5MUdMCAQgk_14scion_protobuf13control_plane2v129segment_lookup_service_serverINtBc_26SegmentLookupServiceServerpEINtCsamObgW7glvt_13tower_service7ServiceINtNtCsjYnxdl0q3X8_4http7request7RequestpEE4call0pEINtB7_11SegmentsSvcpEINtNtNtCs5VJ8GLlaEd8_5tonic6server7service12UnaryServiceNtBe_15SegmentsRequestE4call0Bi_
FN:333,_RNCNvXININvXs_NtNtNtCsk5MUdMCAQgk_14scion_protobuf13control_plane2v129trust_material_service_serverINtBc_26TrustMaterialServiceServerpEINtCsamObgW7glvt_13tower_service7ServiceINtNtCsjYnxdl0q3X8_4http7request7RequestpEE4call0pEINtB7_9ChainsSvcpEINtNtNtCs5VJ8GLlaEd8_5tonic6server7service12UnaryServiceNtBe_13ChainsRequestE4call0Bi_
FN:377,_RNCNvXININvXs_NtNtNtCsk5MUdMCAQgk_14scion_protobuf13control_plane2v129trust_material_service_serverINtBc_26TrustMaterialServiceServerpEINtCsamObgW7glvt_13tower_service7ServiceINtNtCsjYnxdl0q3X8_4http7request7RequestpEE4calls_0pEINtB7_6TRCSvcpEINtNtNtCs5VJ8GLlaEd8_5tonic6server7service12UnaryServiceNtBe_10TrcRequestE4call0Bi_
FN:3152,_RNCNvXININvXs_NtNtNtCsk5MUdMCAQgk_14scion_protobuf13control_plane2v131segment_creation_service_serverINtBc_28SegmentCreationServiceServerpEINtCsamObgW7glvt_13tower_service7ServiceINtNtCsjYnxdl0q3X8_4http7request7RequestpEE4call0pEINtB7_9BeaconSvcpEINtNtNtCs5VJ8GLlaEd8_5tonic6server7service12UnaryServiceNtBe_13BeaconRequestE4call0Bi_
FN:2845,_RNCNvXININvXs_NtNtNtCsk5MUdMCAQgk_14scion_protobuf13control_plane2v135segment_registration_service_serverINtBc_32SegmentRegistrationServiceServerpEINtCsamObgW7glvt_13tower_service7ServiceINtNtCsjYnxdl0q3X8_4http7request7RequestpEE4call0pEINtB7_23SegmentsRegistrationSvcpEINtNtNtCs5VJ8GLlaEd8_5tonic6server7service12UnaryServiceNtBe_27SegmentsRegistrationRequestE4call0Bi_
FN:2079,_RNvMNtNtCsk5MUdMCAQgk_14scion_protobuf13control_plane2v1NtB2_8LinkType11as_str_name
FN:2088,_RNvMNtNtCsk5MUdMCAQgk_14scion_protobuf13control_plane2v1NtB2_8LinkType13from_str_name
FN:794,_RNvMNtNtNtCsk5MUdMCAQgk_14scion_protobuf13control_plane2v127dr_key_inter_service_serverINtB2_23DrKeyInterServiceServerpE15send_compressedB8_
FN:788,_RNvMNtNtNtCsk5MUdMCAQgk_14scion_protobuf13control_plane2v127dr_key_inter_service_serverINtB2_23DrKeyInterServiceServerpE17accept_compressedB8_
FN:802,_RNvMNtNtNtCsk5MUdMCAQgk_14scion_protobuf13control_plane2v127dr_key_inter_service_serverINtB2_23DrKeyInterServiceServerpE25max_decoding_message_sizeB8_
FN:810,_RNvMNtNtNtCsk5MUdMCAQgk_14scion_protobuf13control_plane2v127dr_key_inter_service_serverINtB2_23DrKeyInterServiceServerpE25max_encoding_message_sizeB8_
FN:765,_RNvMNtNtNtCsk5MUdMCAQgk_14scion_protobuf13control_plane2v127dr_key_inter_service_serverINtB2_23DrKeyInterServiceServerpE3newB8_
FN:768,_RNvMNtNtNtCsk5MUdMCAQgk_14scion_protobuf13control_plane2v127dr_key_inter_service_serverINtB2_23DrKeyInterServiceServerpE8from_arcB8_
FN:1253,_RNvMNtNtNtCsk5MUdMCAQgk_14scion_protobuf13control_plane2v127dr_key_intra_service_serverINtB2_23DrKeyIntraServiceServerpE15send_compressedB8_
FN:1247,_RNvMNtNtNtCsk5MUdMCAQgk_14scion_protobuf13control_plane2v127dr_key_intra_service_serverINtB2_23DrKeyIntraServiceServerpE17accept_compressedB8_
FN:1261,_RNvMNtNtNtCsk5MUdMCAQgk_14scion_protobuf13control_plane2v127dr_key_intra_service_serverINtB2_23DrKeyIntraServiceServerpE25max_decoding_message_sizeB8_
FN:1269,_RNvMNtNtNtCsk5MUdMCAQgk_14scion_protobuf13control_plane2v127dr_key_intra_service_serverINtB2_23DrKeyIntraServiceServerpE25max_encoding_message_sizeB8_
FN:1224,_RNvMNtNtNtCsk5MUdMCAQgk_14scion_protobuf13control_plane2v127dr_key_intra_service_serverINtB2_23DrKeyIntraServiceServerpE3newB8_
FN:1227,_RNvMNtNtNtCsk5MUdMCAQgk_14scion_protobuf13control_plane2v127dr_key_intra_service_serverINtB2_23DrKeyIntraServiceServerpE8from_arcB8_
FN:1786,_RNvMNtNtNtCsk5MUdMCAQgk_14scion_protobuf13control_plane2v128chain_renewal_service_serverINtB2_25ChainRenewalServiceServerpE15send_compressedB8_
FN:1780,_RNvMNtNtNtCsk5MUdMCAQgk_14scion_protobuf13control_plane2v128chain_renewal_service_serverINtB2_25ChainRenewalServiceServerpE17accept_compressedB8_
FN:1794,_RNvMNtNtNtCsk5MUdMCAQgk_14scion_protobuf13control_plane2v128chain_renewal_service_serverINtB2_25ChainRenewalServiceServerpE25max_decoding_message_sizeB8_
FN:1802,_RNvMNtNtNtCsk5MUdMCAQgk_14scion_protobuf13control_plane2v128chain_renewal_service_serverINtB2_25ChainRenewalServiceServerpE25max_encoding_message_sizeB8_
FN:1757,_RNvMNtNtNtCsk5MUdMCAQgk_14scion_protobuf13control_plane2v128chain_renewal_service_serverINtB2_25ChainRenewalServiceServerpE3newB8_
FN:1760,_RNvMNtNtNtCsk5MUdMCAQgk_14scion_protobuf13control_plane2v128chain_renewal_service_serverINtB2_25ChainRenewalServiceServerpE8from_arcB8_
FN:2478,_RNvMNtNtNtCsk5MUdMCAQgk_14scion_protobuf13control_plane2v129segment_lookup_service_serverINtB2_26SegmentLookupServiceServerpE15send_compressedB8_
FN:2472,_RNvMNtNtNtCsk5MUdMCAQgk_14scion_protobuf13control_plane2v129segment_lookup_service_serverINtB2_26SegmentLookupServiceServerpE17accept_compressedB8_
FN:2486,_RNvMNtNtNtCsk5MUdMCAQgk_14scion_protobuf13control_plane2v129segment_lookup_service_serverINtB2_26SegmentLookupServiceServerpE25max_decoding_message_sizeB8_
FN:2494,_RNvMNtNtNtCsk5MUdMCAQgk_14scion_protobuf13control_plane2v129segment_lookup_service_serverINtB2_26SegmentLookupServiceServerpE25max_encoding_message_sizeB8_
FN:2449,_RNvMNtNtNtCsk5MUdMCAQgk_14scion_protobuf13control_plane2v129segment_lookup_service_serverINtB2_26SegmentLookupServiceServerpE3newB8_
FN:2452,_RNvMNtNtNtCsk5MUdMCAQgk_14scion_protobuf13control_plane2v129segment_lookup_service_serverINtB2_26SegmentLookupServiceServerpE8from_arcB8_
FN:277,_RNvMNtNtNtCsk5MUdMCAQgk_14scion_protobuf13control_plane2v129trust_material_service_serverINtB2_26TrustMaterialServiceServerpE15send_compressedB8_
FN:271,_RNvMNtNtNtCsk5MUdMCAQgk_14scion_protobuf13control_plane2v129trust_material_service_serverINtB2_26TrustMaterialServiceServerpE17accept_compressedB8_
FN:285,_RNvMNtNtNtCsk5MUdMCAQgk_14scion_protobuf13control_plane2v129trust_material_service_serverINtB2_26TrustMaterialServiceServerpE25max_decoding_message_sizeB8_
FN:293,_RNvMNtNtNtCsk5MUdMCAQgk_14scion_protobuf13control_plane2v129trust_material_service_serverINtB2_26TrustMaterialServiceServerpE25max_encoding_message_sizeB8_
FN:248,_RNvMNtNtNtCsk5MUdMCAQgk_14scion_protobuf13control_plane2v129trust_material_service_serverINtB2_26TrustMaterialServiceServerpE3newB8_
FN:251,_RNvMNtNtNtCsk5MUdMCAQgk_14scion_protobuf13control_plane2v129trust_material_service_serverINtB2_26TrustMaterialServiceServerpE8from_arcB8_
FN:3096,_RNvMNtNtNtCsk5MUdMCAQgk_14scion_protobuf13control_plane2v131segment_creation_service_serverINtB2_28SegmentCreationServiceServerpE15send_compressedB8_
FN:3090,_RNvMNtNtNtCsk5MUdMCAQgk_14scion_protobuf13control_plane2v131segment_creation_service_serverINtB2_28SegmentCreationServiceServerpE17accept_compressedB8_
FN:3104,_RNvMNtNtNtCsk5MUdMCAQgk_14scion_protobuf13control_plane2v131segment_creation_service_serverINtB2_28SegmentCreationServiceServerpE25max_decoding_message_sizeB8_
FN:3112,_RNvMNtNtNtCsk5MUdMCAQgk_14scion_protobuf13control_plane2v131segment_creation_service_serverINtB2_28SegmentCreationServiceServerpE25max_encoding_message_sizeB8_
FN:3067,_RNvMNtNtNtCsk5MUdMCAQgk_14scion_protobuf13control_plane2v131segment_creation_service_serverINtB2_28SegmentCreationServiceServerpE3newB8_
FN:3070,_RNvMNtNtNtCsk5MUdMCAQgk_14scion_protobuf13control_plane2v131segment_creation_service_serverINtB2_28SegmentCreationServiceServerpE8from_arcB8_
FN:2787,_RNvMNtNtNtCsk5MUdMCAQgk_14scion_protobuf13control_plane2v135segment_registration_service_serverINtB2_32SegmentRegistrationServiceServerpE15send_compressedB8_
FN:2781,_RNvMNtNtNtCsk5MUdMCAQgk_14scion_protobuf13control_plane2v135segment_registration_service_serverINtB2_32SegmentRegistrationServiceServerpE17accept_compressedB8_
FN:2795,_RNvMNtNtNtCsk5MUdMCAQgk_14scion_protobuf13control_plane2v135segment_registration_service_serverINtB2_32SegmentRegistrationServiceServerpE25max_decoding_message_sizeB8_
FN:2803,_RNvMNtNtNtCsk5MUdMCAQgk_14scion_protobuf13control_plane2v135segment_registration_service_serverINtB2_32SegmentRegistrationServiceServerpE25max_encoding_message_sizeB8_
FN:2758,_RNvMNtNtNtCsk5MUdMCAQgk_14scion_protobuf13control_plane2v135segment_registration_service_serverINtB2_32SegmentRegistrationServiceServerpE3newB8_
FN:2761,_RNvMNtNtNtCsk5MUdMCAQgk_14scion_protobuf13control_plane2v135segment_registration_service_serverINtB2_32SegmentRegistrationServiceServerpE8from_arcB8_
FN:2276,_RNvMs_NtNtCsk5MUdMCAQgk_14scion_protobuf13control_plane2v1NtB4_11SegmentType11as_str_name
FN:2285,_RNvMs_NtNtCsk5MUdMCAQgk_14scion_protobuf13control_plane2v1NtB4_11SegmentType13from_str_name
FN:648,_RNvMs_NtNtNtCsk5MUdMCAQgk_14scion_protobuf13control_plane2v127dr_key_inter_service_clientINtB4_23DrKeyInterServiceClientpE11with_originBa_
FN:676,_RNvMs_NtNtNtCsk5MUdMCAQgk_14scion_protobuf13control_plane2v127dr_key_inter_service_clientINtB4_23DrKeyInterServiceClientpE15send_compressedBa_
FN:682,_RNvMs_NtNtNtCsk5MUdMCAQgk_14scion_protobuf13control_plane2v127dr_key_inter_service_clientINtB4_23DrKeyInterServiceClientpE17accept_compressedBa_
FN:690,_RNvMs_NtNtNtCsk5MUdMCAQgk_14scion_protobuf13control_plane2v127dr_key_inter_service_clientINtB4_23DrKeyInterServiceClientpE25max_decoding_message_sizeBa_
FN:698,_RNvMs_NtNtNtCsk5MUdMCAQgk_14scion_protobuf13control_plane2v127dr_key_inter_service_clientINtB4_23DrKeyInterServiceClientpE25max_encoding_message_sizeBa_
FN:644,_RNvMs_NtNtNtCsk5MUdMCAQgk_14scion_protobuf13control_plane2v127dr_key_inter_service_clientINtB4_23DrKeyInterServiceClientpE3newBa_
FN:955,_RNvMs_NtNtNtCsk5MUdMCAQgk_14scion_protobuf13control_plane2v127dr_key_intra_service_clientINtB4_23DrKeyIntraServiceClientpE11with_originBa_
FN:983,_RNvMs_NtNtNtCsk5MUdMCAQgk_14scion_protobuf13control_plane2v127dr_key_intra_service_clientINtB4_23DrKeyIntraServiceClientpE15send_compressedBa_
FN:989,_RNvMs_NtNtNtCsk5MUdMCAQgk_14scion_protobuf13control_plane2v127dr_key_intra_service_clientINtB4_23DrKeyIntraServiceClientpE17accept_compressedBa_
FN:997,_RNvMs_NtNtNtCsk5MUdMCAQgk_14scion_protobuf13control_plane2v127dr_key_intra_service_clientINtB4_23DrKeyIntraServiceClientpE25max_decoding_message_sizeBa_
FN:1005,_RNvMs_NtNtNtCsk5MUdMCAQgk_14scion_protobuf13control_plane2v127dr_key_intra_service_clientINtB4_23DrKeyIntraServiceClientpE25max_encoding_message_sizeBa_
FN:951,_RNvMs_NtNtNtCsk5MUdMCAQgk_14scion_protobuf13control_plane2v127dr_key_intra_service_clientINtB4_23DrKeyIntraServiceClientpE3newBa_
FN:1640,_RNvMs_NtNtNtCsk5MUdMCAQgk_14scion_protobuf13control_plane2v128chain_renewal_service_clientINtB4_25ChainRenewalServiceClientpE11with_originBa_
FN:1668,_RNvMs_NtNtNtCsk5MUdMCAQgk_14scion_protobuf13control_plane2v128chain_renewal_service_clientINtB4_25ChainRenewalServiceClientpE15send_compressedBa_
FN:1674,_RNvMs_NtNtNtCsk5MUdMCAQgk_14scion_protobuf13control_plane2v128chain_renewal_service_clientINtB4_25ChainRenewalServiceClientpE17accept_compressedBa_
FN:1682,_RNvMs_NtNtNtCsk5MUdMCAQgk_14scion_protobuf13control_plane2v128chain_renewal_service_clientINtB4_25ChainRenewalServiceClientpE25max_decoding_message_sizeBa_
FN:1690,_RNvMs_NtNtNtCsk5MUdMCAQgk_14scion_protobuf13control_plane2v128chain_renewal_service_clientINtB4_25ChainRenewalServiceClientpE25max_encoding_message_sizeBa_
FN:1636,_RNvMs_NtNtNtCsk5MUdMCAQgk_14scion_protobuf13control_plane2v128chain_renewal_service_clientINtB4_25ChainRenewalServiceClientpE3newBa_
FN:2332,_RNvMs_NtNtNtCsk5MUdMCAQgk_14scion_protobuf13control_plane2v129segment_lookup_service_clientINtB4_26SegmentLookupServiceClientpE11with_originBa_
FN:2360,_RNvMs_NtNtNtCsk5MUdMCAQgk_14scion_protobuf13control_plane2v129segment_lookup_service_clientINtB4_26SegmentLookupServiceClientpE15send_compressedBa_
FN:2366,_RNvMs_NtNtNtCsk5MUdMCAQgk_14scion_protobuf13control_plane2v129segment_lookup_service_clientINtB4_26SegmentLookupServiceClientpE17accept_compressedBa_
FN:2374,_RNvMs_NtNtNtCsk5MUdMCAQgk_14scion_protobuf13control_plane2v129segment_lookup_service_clientINtB4_26SegmentLookupServiceClientpE25max_decoding_message_sizeBa_
FN:2382,_RNvMs_NtNtNtCsk5MUdMCAQgk_14scion_protobuf13control_plane2v129segment_lookup_service_clientINtB4_26SegmentLookupServiceClientpE25max_encoding_message_sizeBa_
FN:2328,_RNvMs_NtNtNtCsk5MUdMCAQgk_14scion_protobuf13control_plane2v129segment_lookup_service_clientINtB4_26SegmentLookupServiceClientpE3newBa_
FN:108,_RNvMs_NtNtNtCsk5MUdMCAQgk_14scion_protobuf13control_plane2v129trust_material_service_clientINtB4_26TrustMaterialServiceClientpE11with_originBa_
FN:136,_RNvMs_NtNtNtCsk5MUdMCAQgk_14scion_protobuf13control_plane2v129trust_material_service_clientINtB4_26TrustMaterialServiceClientpE15send_compressedBa_
FN:142,_RNvMs_NtNtNtCsk5MUdMCAQgk_14scion_protobuf13control_plane2v129trust_material_service_clientINtB4_26TrustMaterialServiceClientpE17accept_compressedBa_
FN:150,_RNvMs_NtNtNtCsk5MUdMCAQgk_14scion_protobuf13control_plane2v129trust_material_service_clientINtB4_26TrustMaterialServiceClientpE25max_decoding_message_sizeBa_
FN:158,_RNvMs_NtNtNtCsk5MUdMCAQgk_14scion_protobuf13control_plane2v129trust_material_service_clientINtB4_26TrustMaterialServiceClientpE25max_encoding_message_sizeBa_
FN:104,_RNvMs_NtNtNtCsk5MUdMCAQgk_14scion_protobuf13control_plane2v129trust_material_service_clientINtB4_26TrustMaterialServiceClientpE3newBa_
FN:2954,_RNvMs_NtNtNtCsk5MUdMCAQgk_14scion_protobuf13control_plane2v131segment_creation_service_clientINtB4_28SegmentCreationServiceClientpE11with_originBa_
FN:2984,_RNvMs_NtNtNtCsk5MUdMCAQgk_14scion_protobuf13control_plane2v131segment_creation_service_clientINtB4_28SegmentCreationServiceClientpE15send_compressedBa_
FN:2990,_RNvMs_NtNtNtCsk5MUdMCAQgk_14scion_protobuf13control_plane2v131segment_creation_service_clientINtB4_28SegmentCreationServiceClientpE17accept_compressedBa_
FN:2998,_RNvMs_NtNtNtCsk5MUdMCAQgk_14scion_protobuf13control_plane2v131segment_creation_service_clientINtB4_28SegmentCreationServiceClientpE25max_decoding_message_sizeBa_
FN:3006,_RNvMs_NtNtNtCsk5MUdMCAQgk_14scion_protobuf13control_plane2v131segment_creation_service_clientINtB4_28SegmentCreationServiceClientpE25max_encoding_message_sizeBa_
FN:2950,_RNvMs_NtNtNtCsk5MUdMCAQgk_14scion_protobuf13control_plane2v131segment_creation_service_clientINtB4_28SegmentCreationServiceClientpE3newBa_
FN:2639,_RNvMs_NtNtNtCsk5MUdMCAQgk_14scion_protobuf13control_plane2v135segment_registration_service_clientINtB4_32SegmentRegistrationServiceClientpE11with_originBa_
FN:2669,_RNvMs_NtNtNtCsk5MUdMCAQgk_14scion_protobuf13control_plane2v135segment_registration_service_clientINtB4_32SegmentRegistrationServiceClientpE15send_compressedBa_
FN:2675,_RNvMs_NtNtNtCsk5MUdMCAQgk_14scion_protobuf13control_plane2v135segment_registration_service_clientINtB4_32SegmentRegistrationServiceClientpE17accept_compressedBa_
FN:2683,_RNvMs_NtNtNtCsk5MUdMCAQgk_14scion_protobuf13control_plane2v135segment_registration_service_clientINtB4_32SegmentRegistrationServiceClientpE25max_decoding_message_sizeBa_
FN:2691,_RNvMs_NtNtNtCsk5MUdMCAQgk_14scion_protobuf13control_plane2v135segment_registration_service_clientINtB4_32SegmentRegistrationServiceClientpE25max_encoding_message_sizeBa_
FN:2635,_RNvMs_NtNtNtCsk5MUdMCAQgk_14scion_protobuf13control_plane2v135segment_registration_service_clientINtB4_32SegmentRegistrationServiceClientpE3newBa_
FN:901,_RNvXININtNtNtCsk5MUdMCAQgk_14scion_protobuf13control_plane2v127dr_key_inter_service_servers0_0pEINtB5_23DrKeyInterServiceServerpENtNtCs4eoa8Adtn6U_4core5clone5Clone5cloneBb_
FN:824,_RNvXININtNtNtCsk5MUdMCAQgk_14scion_protobuf13control_plane2v127dr_key_inter_service_servers_0ppEINtB5_23DrKeyInterServiceServerpEINtCsamObgW7glvt_13tower_service7ServiceINtNtCsjYnxdl0q3X8_4http7request7RequestpEE10poll_readyBb_
FN:830,_RNvXININtNtNtCsk5MUdMCAQgk_14scion_protobuf13control_plane2v127dr_key_inter_service_servers_0ppEINtB5_23DrKeyInterServiceServerpEINtCsamObgW7glvt_13tower_service7ServiceINtNtCsjYnxdl0q3X8_4http7request7RequestpEE4callBb_
FN:1550,_RNvXININtNtNtCsk5MUdMCAQgk_14scion_protobuf13control_plane2v127dr_key_intra_service_servers0_0pEINtB5_23DrKeyIntraServiceServerpENtNtCs4eoa8Adtn6U_4core5clone5Clone5cloneBb_
FN:1283,_RNvXININtNtNtCsk5MUdMCAQgk_14scion_protobuf13control_plane2v127dr_key_intra_service_servers_0ppEINtB5_23DrKeyIntraServiceServerpEINtCsamObgW7glvt_13tower_service7ServiceINtNtCsjYnxdl0q3X8_4http7request7RequestpEE10poll_readyBb_
FN:1289,_RNvXININtNtNtCsk5MUdMCAQgk_14scion_protobuf13control_plane2v127dr_key_intra_service_servers_0ppEINtB5_23DrKeyIntraServiceServerpEINtCsamObgW7glvt_13tower_service7ServiceINtNtCsjYnxdl0q3X8_4http7request7RequestpEE4callBb_
FN:1893,_RNvXININtNtNtCsk5MUdMCAQgk_14scion_protobuf13control_plane2v128chain_renewal_service_servers0_0pEINtB5_25ChainRenewalServiceServerpENtNtCs4eoa8Adtn6U_4core5clone5Clone5cloneBb_
FN:1816,_RNvXININtNtNtCsk5MUdMCAQgk_14scion_protobuf13control_plane2v128chain_renewal_service_servers_0ppEINtB5_25ChainRenewalServiceServerpEINtCsamObgW7glvt_13tower_service7ServiceINtNtCsjYnxdl0q3X8_4http7request7RequestpEE10poll_readyBb_
FN:1822,_RNvXININtNtNtCsk5MUdMCAQgk_14scion_protobuf13control_plane2v128chain_renewal_service_servers_0ppEINtB5_25ChainRenewalServiceServerpEINtCsamObgW7glvt_13tower_service7ServiceINtNtCsjYnxdl0q3X8_4http7request7RequestpEE4callBb_
FN:2585,_RNvXININtNtNtCsk5MUdMCAQgk_14scion_protobuf13control_plane2v129segment_lookup_service_servers0_0pEINtB5_26SegmentLookupServiceServerpENtNtCs4eoa8Adtn6U_4core5clone5Clone5cloneBb_
FN:2509,_RNvXININtNtNtCsk5MUdMCAQgk_14scion_protobuf13control_plane2v129segment_lookup_service_servers_0ppEINtB5_26SegmentLookupServiceServerpEINtCsamObgW7glvt_13tower_service7ServiceINtNtCsjYnxdl0q3X8_4http7request7RequestpEE10poll_readyBb_
FN:2515,_RNvXININtNtNtCsk5MUdMCAQgk_14scion_protobuf13control_plane2v129segment_lookup_service_servers_0ppEINtB5_26SegmentLookupServiceServerpEINtCsamObgW7glvt_13tower_service7ServiceINtNtCsjYnxdl0q3X8_4http7request7RequestpEE4callBb_
FN:428,_RNvXININtNtNtCsk5MUdMCAQgk_14scion_protobuf13control_plane2v129trust_material_service_servers0_0pEINtB5_26TrustMaterialServiceServerpENtNtCs4eoa8Adtn6U_4core5clone5Clone5cloneBb_
FN:308,_RNvXININtNtNtCsk5MUdMCAQgk_14scion_protobuf13control_plane2v129trust_material_service_servers_0ppEINtB5_26TrustMaterialServiceServerpEINtCsamObgW7glvt_13tower_service7ServiceINtNtCsjYnxdl0q3X8_4http7request7RequestpEE10poll_readyBb_
FN:314,_RNvXININtNtNtCsk5MUdMCAQgk_14scion_protobuf13control_plane2v129trust_material_service_servers_0ppEINtB5_26TrustMaterialServiceServerpEINtCsamObgW7glvt_13tower_service7ServiceINtNtCsjYnxdl0q3X8_4http7request7RequestpEE4callBb_
FN:3203,_RNvXININtNtNtCsk5MUdMCAQgk_14scion_protobuf13control_plane2v131segment_creation_service_servers0_0pEINtB5_28SegmentCreationServiceServerpENtNtCs4eoa8Adtn6U_4core5clone5Clone5cloneBb_
FN:3127,_RNvXININtNtNtCsk5MUdMCAQgk_14scion_protobuf13control_plane2v131segment_creation_service_servers_0ppEINtB5_28SegmentCreationServiceServerpEINtCsamObgW7glvt_13tower_service7ServiceINtNtCsjYnxdl0q3X8_4http7request7RequestpEE10poll_readyBb_
FN:3133,_RNvXININtNtNtCsk5MUdMCAQgk_14scion_protobuf13control_plane2v131segment_creation_service_servers_0ppEINtB5_28SegmentCreationServiceServerpEINtCsamObgW7glvt_13tower_service7ServiceINtNtCsjYnxdl0q3X8_4http7request7RequestpEE4callBb_
FN:2900,_RNvXININtNtNtCsk5MUdMCAQgk_14scion_protobuf13control_plane2v135segment_registration_service_servers0_0pEINtB5_32SegmentRegistrationServiceServerpENtNtCs4eoa8Adtn6U_4core5clone5Clone5cloneBb_
FN:2818,_RNvXININtNtNtCsk5MUdMCAQgk_14scion_protobuf13control_plane2v135segment_registration_service_servers_0ppEINtB5_32SegmentRegistrationServiceServerpEINtCsamObgW7glvt_13tower_service7ServiceINtNtCsjYnxdl0q3X8_4http7request7RequestpEE10poll_readyBb_
FN:2824,_RNvXININtNtNtCsk5MUdMCAQgk_14scion_protobuf13control_plane2v135segment_registration_service_servers_0ppEINtB5_32SegmentRegistrationServiceServerpEINtCsamObgW7glvt_13tower_service7ServiceINtNtCsjYnxdl0q3X8_4http7request7RequestpEE4callBb_
FN:844,_RNvXININvXs_NtNtNtCsk5MUdMCAQgk_14scion_protobuf13control_plane2v127dr_key_inter_service_serverINtBa_23DrKeyInterServiceServerpEINtCsamObgW7glvt_13tower_service7ServiceINtNtCsjYnxdl0q3X8_4http7request7RequestpEE4call0pEINtB5_14DRKeyLevel1SvcpEINtNtNtCs5VJ8GLlaEd8_5tonic6server7service12UnaryServiceNtBc_18DrKeyLevel1RequestE4callBg_
FN:1303,_RNvXININvXs_NtNtNtCsk5MUdMCAQgk_14scion_protobuf13control_plane2v127dr_key_intra_service_serverINtBa_23DrKeyIntraServiceServerpEINtCsamObgW7glvt_13tower_service7ServiceINtNtCsjYnxdl0q3X8_4http7request7RequestpEE4call0pEINtB5_19DRKeyIntraLevel1SvcpEINtNtNtCs5VJ8GLlaEd8_5tonic6server7service12UnaryServiceNtBc_23DrKeyIntraLevel1RequestE4callBg_
FN:1398,_RNvXININvXs_NtNtNtCsk5MUdMCAQgk_14scion_protobuf13control_plane2v127dr_key_intra_service_serverINtBa_23DrKeyIntraServiceServerpEINtCsamObgW7glvt_13tower_service7ServiceINtNtCsjYnxdl0q3X8_4http7request7RequestpEE4calls0_0pEINtB5_14DRKeyHostASSvcpEINtNtNtCs5VJ8GLlaEd8_5tonic6server7service12UnaryServiceNtBc_18DrKeyHostAsRequestE4callBg_
FN:1444,_RNvXININvXs_NtNtNtCsk5MUdMCAQgk_14scion_protobuf13control_plane2v127dr_key_intra_service_serverINtBa_23DrKeyIntraServiceServerpEINtCsamObgW7glvt_13tower_service7ServiceINtNtCsjYnxdl0q3X8_4http7request7RequestpEE4calls1_0pEINtB5_16DRKeyHostHostSvcpEINtNtNtCs5VJ8GLlaEd8_5tonic6server7service12UnaryServiceNtBc_20DrKeyHostHostRequestE4callBg_
FN:1490,_RNvXININvXs_NtNtNtCsk5MUdMCAQgk_14scion_protobuf13control_plane2v127dr_key_intra_service_serverINtBa_23DrKeyIntraServiceServerpEINtCsamObgW7glvt_13tower_service7ServiceINtNtCsjYnxdl0q3X8_4http7request7RequestpEE4calls2_0pEINtB5_19DRKeySecretValueSvcpEINtNtNtCs5VJ8GLlaEd8_5tonic6server7service12UnaryServiceNtBc_23DrKeySecretValueRequestE4callBg_
FN:1352,_RNvXININvXs_NtNtNtCsk5MUdMCAQgk_14scion_protobuf13control_plane2v127dr_key_intra_service_serverINtBa_23DrKeyIntraServiceServerpEINtCsamObgW7glvt_13tower_service7ServiceINtNtCsjYnxdl0q3X8_4http7request7RequestpEE4calls_0pEINtB5_14DRKeyASHostSvcpEINtNtNtCs5VJ8GLlaEd8_5tonic6server7service12UnaryServiceNtBc_18DrKeyAsHostRequestE4callBg_
FN:1836,_RNvXININvXs_NtNtNtCsk5MUdMCAQgk_14scion_protobuf13control_plane2v128chain_renewal_service_serverINtBa_25ChainRenewalServiceServerpEINtCsamObgW7glvt_13tower_service7ServiceINtNtCsjYnxdl0q3X8_4http7request7RequestpEE4call0pEINtB5_15ChainRenewalSvcpEINtNtNtCs5VJ8GLlaEd8_5tonic6server7service12UnaryServiceNtBc_19ChainRenewalRequestE4callBg_
FN:2529,_RNvXININvXs_NtNtNtCsk5MUdMCAQgk_14scion_protobuf13control_plane2v129segment_lookup_service_serverINtBa_26SegmentLookupServiceServerpEINtCsamObgW7glvt_13tower_service7ServiceINtNtCsjYnxdl0q3X8_4http7request7RequestpEE4call0pEINtB5_11SegmentsSvcpEINtNtNtCs5VJ8GLlaEd8_5tonic6server7service12UnaryServiceNtBc_15SegmentsRequestE4callBg_
FN:328,_RNvXININvXs_NtNtNtCsk5MUdMCAQgk_14scion_protobuf13control_plane2v129trust_material_service_serverINtBa_26TrustMaterialServiceServerpEINtCsamObgW7glvt_13tower_service7ServiceINtNtCsjYnxdl0q3X8_4http7request7RequestpEE4call0pEINtB5_9ChainsSvcpEINtNtNtCs5VJ8GLlaEd8_5tonic6server7service12UnaryServiceNtBc_13ChainsRequestE4callBg_
FN:372,_RNvXININvXs_NtNtNtCsk5MUdMCAQgk_14scion_protobuf13control_plane2v129trust_material_service_serverINtBa_26TrustMaterialServiceServerpEINtCsamObgW7glvt_13tower_service7ServiceINtNtCsjYnxdl0q3X8_4http7request7RequestpEE4calls_0pEINtB5_6TRCSvcpEINtNtNtCs5VJ8GLlaEd8_5tonic6server7service12UnaryServiceNtBc_10TrcRequestE4callBg_
FN:3147,_RNvXININvXs_NtNtNtCsk5MUdMCAQgk_14scion_protobuf13control_plane2v131segment_creation_service_serverINtBa_28SegmentCreationServiceServerpEINtCsamObgW7glvt_13tower_service7ServiceINtNtCsjYnxdl0q3X8_4http7request7RequestpEE4call0pEINtB5_9BeaconSvcpEINtNtNtCs5VJ8GLlaEd8_5tonic6server7service12UnaryServiceNtBc_13BeaconRequestE4callBg_
FN:2840,_RNvXININvXs_NtNtNtCsk5MUdMCAQgk_14scion_protobuf13control_plane2v135segment_registration_service_serverINtBa_32SegmentRegistrationServiceServerpEINtCsamObgW7glvt_13tower_service7ServiceINtNtCsjYnxdl0q3X8_4http7request7RequestpEE4call0pEINtB5_23SegmentsRegistrationSvcpEINtNtNtCs5VJ8GLlaEd8_5tonic6server7service12UnaryServiceNtBc_27SegmentsRegistrationRequestE4callBg_
FNDA:0,_RINvMNtNtNtCsk5MUdMCAQgk_14scion_protobuf13control_plane2v127dr_key_inter_service_clientINtB3_23DrKeyInterServiceClientNtNtNtCs5VJ8GLlaEd8_5tonic9transport7channel7ChannelE7connectpEB9_
FNDA:0,_RINvMNtNtNtCsk5MUdMCAQgk_14scion_protobuf13control_plane2v127dr_key_inter_service_serverINtB3_23DrKeyInterServiceServerpE16with_interceptorpEB9_
FNDA:0,_RINvMNtNtNtCsk5MUdMCAQgk_14scion_protobuf13control_plane2v127dr_key_intra_service_clientINtB3_23DrKeyIntraServiceClientNtNtNtCs5VJ8GLlaEd8_5tonic9transport7channel7ChannelE7connectpEB9_
FNDA:0,_RINvMNtNtNtCsk5MUdMCAQgk_14scion_protobuf13control_plane2v127dr_key_intra_service_serverINtB3_23DrKeyIntraServiceServerpE16with_interceptorpEB9_
FNDA:0,_RINvMNtNtNtCsk5MUdMCAQgk_14scion_protobuf13control_plane2v128chain_renewal_service_clientINtB3_25ChainRenewalServiceClientNtNtNtCs5VJ8GLlaEd8_5tonic9transport7channel7ChannelE7connectpEB9_
FNDA:0,_RINvMNtNtNtCsk5MUdMCAQgk_14scion_protobuf13control_plane2v128chain_renewal_service_serverINtB3_25ChainRenewalServiceServerpE16with_interceptorpEB9_
FNDA:0,_RINvMNtNtNtCsk5MUdMCAQgk_14scion_protobuf13control_plane2v129segment_lookup_service_clientINtB3_26SegmentLookupServiceClientNtNtNtCs5VJ8GLlaEd8_5tonic9transport7channel7ChannelE7connectpEB9_
FNDA:0,_RINvMNtNtNtCsk5MUdMCAQgk_14scion_protobuf13control_plane2v129segment_lookup_service_serverINtB3_26SegmentLookupServiceServerpE16with_interceptorpEB9_
FNDA:0,_RINvMNtNtNtCsk5MUdMCAQgk_14scion_protobuf13control_plane2v129trust_material_service_clientINtB3_26TrustMaterialServiceClientNtNtNtCs5VJ8GLlaEd8_5tonic9transport7channel7ChannelE7connectpEB9_
FNDA:0,_RINvMNtNtNtCsk5MUdMCAQgk_14scion_protobuf13control_plane2v129trust_material_service_serverINtB3_26TrustMaterialServiceServerpE16with_interceptorpEB9_
FNDA:0,_RINvMNtNtNtCsk5MUdMCAQgk_14scion_protobuf13control_plane2v131segment_creation_service_clientINtB3_28SegmentCreationServiceClientNtNtNtCs5VJ8GLlaEd8_5tonic9transport7channel7ChannelE7connectpEB9_
FNDA:0,_RINvMNtNtNtCsk5MUdMCAQgk_14scion_protobuf13control_plane2v131segment_creation_service_serverINtB3_28SegmentCreationServiceServerpE16with_interceptorpEB9_
FNDA:0,_RINvMNtNtNtCsk5MUdMCAQgk_14scion_protobuf13control_plane2v135segment_registration_service_clientINtB3_32SegmentRegistrationServiceClientNtNtNtCs5VJ8GLlaEd8_5tonic9transport7channel7ChannelE7connectpEB9_
FNDA:0,_RINvMNtNtNtCsk5MUdMCAQgk_14scion_protobuf13control_plane2v135segment_registration_service_serverINtB3_32SegmentRegistrationServiceServerpE16with_interceptorpEB9_
FNDA:0,_RINvMs_NtNtNtCsk5MUdMCAQgk_14scion_protobuf13control_plane2v127dr_key_inter_service_clientINtB5_23DrKeyInterServiceClientpE13dr_key_level1pEBb_
FNDA:0,_RINvMs_NtNtNtCsk5MUdMCAQgk_14scion_protobuf13control_plane2v127dr_key_inter_service_clientINtB5_23DrKeyInterServiceClientpE16with_interceptorpEBb_
FNDA:0,_RINvMs_NtNtNtCsk5MUdMCAQgk_14scion_protobuf13control_plane2v127dr_key_intra_service_clientINtB5_23DrKeyIntraServiceClientpE14dr_key_as_hostpEBb_
FNDA:0,_RINvMs_NtNtNtCsk5MUdMCAQgk_14scion_protobuf13control_plane2v127dr_key_intra_service_clientINtB5_23DrKeyIntraServiceClientpE14dr_key_host_aspEBb_
FNDA:0,_RINvMs_NtNtNtCsk5MUdMCAQgk_14scion_protobuf13control_plane2v127dr_key_intra_service_clientINtB5_23DrKeyIntraServiceClientpE16dr_key_host_hostpEBb_
FNDA:0,_RINvMs_NtNtNtCsk5MUdMCAQgk_14scion_protobuf13control_plane2v127dr_key_intra_service_clientINtB5_23DrKeyIntraServiceClientpE16with_interceptorpEBb_
FNDA:0,_RINvMs_NtNtNtCsk5MUdMCAQgk_14scion_protobuf13control_plane2v127dr_key_intra_service_clientINtB5_23DrKeyIntraServiceClientpE19dr_key_intra_level1pEBb_
FNDA:0,_RINvMs_NtNtNtCsk5MUdMCAQgk_14scion_protobuf13control_plane2v127dr_key_intra_service_clientINtB5_23DrKeyIntraServiceClientpE19dr_key_secret_valuepEBb_
FNDA:0,_RINvMs_NtNtNtCsk5MUdMCAQgk_14scion_protobuf13control_plane2v128chain_renewal_service_clientINtB5_25ChainRenewalServiceClientpE13chain_renewalpEBb_
FNDA:0,_RINvMs_NtNtNtCsk5MUdMCAQgk_14scion_protobuf13control_plane2v128chain_renewal_service_clientINtB5_25ChainRenewalServiceClientpE16with_interceptorpEBb_
FNDA:0,_RINvMs_NtNtNtCsk5MUdMCAQgk_14scion_protobuf13control_plane2v129segment_lookup_service_clientINtB5_26SegmentLookupServiceClientpE16with_interceptorpEBb_
FNDA:0,_RINvMs_NtNtNtCsk5MUdMCAQgk_14scion_protobuf13control_plane2v129segment_lookup_service_clientINtB5_26SegmentLookupServiceClientpE8segmentspEBb_
FNDA:0,_RINvMs_NtNtNtCsk5MUdMCAQgk_14scion_protobuf13control_plane2v129trust_material_service_clientINtB5_26TrustMaterialServiceClientpE16with_interceptorpEBb_
FNDA:0,_RINvMs_NtNtNtCsk5MUdMCAQgk_14scion_protobuf13control_plane2v129trust_material_service_clientINtB5_26TrustMaterialServiceClientpE3trcpEBb_
FNDA:0,_RINvMs_NtNtNtCsk5MUdMCAQgk_14scion_protobuf13control_plane2v129trust_material_service_clientINtB5_26TrustMaterialServiceClientpE6chainspEBb_
FNDA:0,_RINvMs_NtNtNtCsk5MUdMCAQgk_14scion_protobuf13control_plane2v131segment_creation_service_clientINtB5_28SegmentCreationServiceClientpE16with_interceptorpEBb_
FNDA:0,_RINvMs_NtNtNtCsk5MUdMCAQgk_14scion_protobuf13control_plane2v131segment_creation_service_clientINtB5_28SegmentCreationServiceClientpE6beaconpEBb_
FNDA:0,_RINvMs_NtNtNtCsk5MUdMCAQgk_14scion_protobuf13control_plane2v135segment_registration_service_clientINtB5_32SegmentRegistrationServiceClientpE16with_interceptorpEBb_
FNDA:0,_RINvMs_NtNtNtCsk5MUdMCAQgk_14scion_protobuf13control_plane2v135segment_registration_service_clientINtB5_32SegmentRegistrationServiceClientpE21segments_registrationpEBb_
FNDA:0,_RNCINvMNtNtNtCsk5MUdMCAQgk_14scion_protobuf13control_plane2v127dr_key_inter_service_clientINtB5_23DrKeyInterServiceClientNtNtNtCs5VJ8GLlaEd8_5tonic9transport7channel7ChannelE7connectpE0Bb_
FNDA:0,_RNCINvMNtNtNtCsk5MUdMCAQgk_14scion_protobuf13control_plane2v127dr_key_intra_service_clientINtB5_23DrKeyIntraServiceClientNtNtNtCs5VJ8GLlaEd8_5tonic9transport7channel7ChannelE7connectpE0Bb_
FNDA:0,_RNCINvMNtNtNtCsk5MUdMCAQgk_14scion_protobuf13control_plane2v128chain_renewal_service_clientINtB5_25ChainRenewalServiceClientNtNtNtCs5VJ8GLlaEd8_5tonic9transport7channel7ChannelE7connectpE0Bb_
FNDA:0,_RNCINvMNtNtNtCsk5MUdMCAQgk_14scion_protobuf13control_plane2v129segment_lookup_service_clientINtB5_26SegmentLookupServiceClientNtNtNtCs5VJ8GLlaEd8_5tonic9transport7channel7ChannelE7connectpE0Bb_
FNDA:0,_RNCINvMNtNtNtCsk5MUdMCAQgk_14scion_protobuf13control_plane2v129trust_material_service_clientINtB5_26TrustMaterialServiceClientNtNtNtCs5VJ8GLlaEd8_5tonic9transport7channel7ChannelE7connectpE0Bb_
FNDA:0,_RNCINvMNtNtNtCsk5MUdMCAQgk_14scion_protobuf13control_plane2v131segment_creation_service_clientINtB5_28SegmentCreationServiceClientNtNtNtCs5VJ8GLlaEd8_5tonic9transport7channel7ChannelE7connectpE0Bb_
FNDA:0,_RNCINvMNtNtNtCsk5MUdMCAQgk_14scion_protobuf13control_plane2v135segment_registration_service_clientINtB5_32SegmentRegistrationServiceClientNtNtNtCs5VJ8GLlaEd8_5tonic9transport7channel7ChannelE7connectpE0Bb_
FNDA:0,_RNCINvMs_NtNtNtCsk5MUdMCAQgk_14scion_protobuf13control_plane2v127dr_key_inter_service_clientINtB7_23DrKeyInterServiceClientpE13dr_key_level1pE0Bd_
FNDA:0,_RNCINvMs_NtNtNtCsk5MUdMCAQgk_14scion_protobuf13control_plane2v127dr_key_intra_service_clientINtB7_23DrKeyIntraServiceClientpE14dr_key_as_hostpE0Bd_
FNDA:0,_RNCINvMs_NtNtNtCsk5MUdMCAQgk_14scion_protobuf13control_plane2v127dr_key_intra_service_clientINtB7_23DrKeyIntraServiceClientpE14dr_key_host_aspE0Bd_
FNDA:0,_RNCINvMs_NtNtNtCsk5MUdMCAQgk_14scion_protobuf13control_plane2v127dr_key_intra_service_clientINtB7_23DrKeyIntraServiceClientpE16dr_key_host_hostpE0Bd_
FNDA:0,_RNCINvMs_NtNtNtCsk5MUdMCAQgk_14scion_protobuf13control_plane2v127dr_key_intra_service_clientINtB7_23DrKeyIntraServiceClientpE19dr_key_intra_level1pE0Bd_
FNDA:0,_RNCINvMs_NtNtNtCsk5MUdMCAQgk_14scion_protobuf13control_plane2v127dr_key_intra_service_clientINtB7_23DrKeyIntraServiceClientpE19dr_key_secret_valuepE0Bd_
FNDA:0,_RNCINvMs_NtNtNtCsk5MUdMCAQgk_14scion_protobuf13control_plane2v128chain_renewal_service_clientINtB7_25ChainRenewalServiceClientpE13chain_renewalpE0Bd_
FNDA:0,_RNCINvMs_NtNtNtCsk5MUdMCAQgk_14scion_protobuf13control_plane2v129segment_lookup_service_clientINtB7_26SegmentLookupServiceClientpE8segmentspE0Bd_
FNDA:0,_RNCINvMs_NtNtNtCsk5MUdMCAQgk_14scion_protobuf13control_plane2v129trust_material_service_clientINtB7_26TrustMaterialServiceClientpE3trcpE0Bd_
FNDA:0,_RNCINvMs_NtNtNtCsk5MUdMCAQgk_14scion_protobuf13control_plane2v129trust_material_service_clientINtB7_26TrustMaterialServiceClientpE6chainspE0Bd_
FNDA:0,_RNCINvMs_NtNtNtCsk5MUdMCAQgk_14scion_protobuf13control_plane2v131segment_creation_service_clientINtB7_28SegmentCreationServiceClientpE6beaconpE0Bd_
FNDA:0,_RNCINvMs_NtNtNtCsk5MUdMCAQgk_14scion_protobuf13control_plane2v135segment_registration_service_clientINtB7_32SegmentRegistrationServiceClientpE21segments_registrationpE0Bd_
FNDA:0,_RNCNCINvMs_NtNtNtCsk5MUdMCAQgk_14scion_protobuf13control_plane2v127dr_key_inter_service_clientINtB9_23DrKeyInterServiceClientpE13dr_key_level1pE00Bf_
FNDA:0,_RNCNCINvMs_NtNtNtCsk5MUdMCAQgk_14scion_protobuf13control_plane2v127dr_key_intra_service_clientINtB9_23DrKeyIntraServiceClientpE14dr_key_as_hostpE00Bf_
FNDA:0,_RNCNCINvMs_NtNtNtCsk5MUdMCAQgk_14scion_protobuf13control_plane2v127dr_key_intra_service_clientINtB9_23DrKeyIntraServiceClientpE14dr_key_host_aspE00Bf_
FNDA:0,_RNCNCINvMs_NtNtNtCsk5MUdMCAQgk_14scion_protobuf13control_plane2v127dr_key_intra_service_clientINtB9_23DrKeyIntraServiceClientpE16dr_key_host_hostpE00Bf_
FNDA:0,_RNCNCINvMs_NtNtNtCsk5MUdMCAQgk_14scion_protobuf13control_plane2v127dr_key_intra_service_clientINtB9_23DrKeyIntraServiceClientpE19dr_key_intra_level1pE00Bf_
FNDA:0,_RNCNCINvMs_NtNtNtCsk5MUdMCAQgk_14scion_protobuf13control_plane2v127dr_key_intra_service_clientINtB9_23DrKeyIntraServiceClientpE19dr_key_secret_valuepE00Bf_
FNDA:0,_RNCNCINvMs_NtNtNtCsk5MUdMCAQgk_14scion_protobuf13control_plane2v128chain_renewal_service_clientINtB9_25ChainRenewalServiceClientpE13chain_renewalpE00Bf_
FNDA:0,_RNCNCINvMs_NtNtNtCsk5MUdMCAQgk_14scion_protobuf13control_plane2v129segment_lookup_service_clientINtB9_26SegmentLookupServiceClientpE8segmentspE00Bf_
FNDA:0,_RNCNCINvMs_NtNtNtCsk5MUdMCAQgk_14scion_protobuf13control_plane2v129trust_material_service_clientINtB9_26TrustMaterialServiceClientpE3trcpE00Bf_
FNDA:0,_RNCNCINvMs_NtNtNtCsk5MUdMCAQgk_14scion_protobuf13control_plane2v129trust_material_service_clientINtB9_26TrustMaterialServiceClientpE6chainspE00Bf_
FNDA:0,_RNCNCINvMs_NtNtNtCsk5MUdMCAQgk_14scion_protobuf13control_plane2v131segment_creation_service_clientINtB9_28SegmentCreationServiceClientpE6beaconpE00Bf_
FNDA:0,_RNCNCINvMs_NtNtNtCsk5MUdMCAQgk_14scion_protobuf13control_plane2v135segment_registration_service_clientINtB9_32SegmentRegistrationServiceClientpE21segments_registrationpE00Bf_
FNDA:0,_RNCNvXININtNtNtCsk5MUdMCAQgk_14scion_protobuf13control_plane2v127dr_key_inter_service_servers_0ppEINtB7_23DrKeyInterServiceServerpEINtCsamObgW7glvt_13tower_service7ServiceINtNtCsjYnxdl0q3X8_4http7request7RequestpEE4call0Bd_
FNDA:0,_RNCNvXININtNtNtCsk5MUdMCAQgk_14scion_protobuf13control_plane2v127dr_key_inter_service_servers_0ppEINtB7_23DrKeyInterServiceServerpEINtCsamObgW7glvt_13tower_service7ServiceINtNtCsjYnxdl0q3X8_4http7request7RequestpEE4calls_0Bd_
FNDA:0,_RNCNvXININtNtNtCsk5MUdMCAQgk_14scion_protobuf13control_plane2v127dr_key_intra_service_servers_0ppEINtB7_23DrKeyIntraServiceServerpEINtCsamObgW7glvt_13tower_service7ServiceINtNtCsjYnxdl0q3X8_4http7request7RequestpEE4call0Bd_
FNDA:0,_RNCNvXININtNtNtCsk5MUdMCAQgk_14scion_protobuf13control_plane2v127dr_key_intra_service_servers_0ppEINtB7_23DrKeyIntraServiceServerpEINtCsamObgW7glvt_13tower_service7ServiceINtNtCsjYnxdl0q3X8_4http7request7RequestpEE4calls0_0Bd_
FNDA:0,_RNCNvXININtNtNtCsk5MUdMCAQgk_14scion_protobuf13control_plane2v127dr_key_intra_service_servers_0ppEINtB7_23DrKeyIntraServiceServerpEINtCsamObgW7glvt_13tower_service7ServiceINtNtCsjYnxdl0q3X8_4http7request7RequestpEE4calls1_0Bd_
FNDA:0,_RNCNvXININtNtNtCsk5MUdMCAQgk_14scion_protobuf13control_plane2v127dr_key_intra_service_servers_0ppEINtB7_23DrKeyIntraServiceServerpEINtCsamObgW7glvt_13tower_service7ServiceINtNtCsjYnxdl0q3X8_4http7request7RequestpEE4calls2_0Bd_
FNDA:0,_RNCNvXININtNtNtCsk5MUdMCAQgk_14scion_protobuf13control_plane2v127dr_key_intra_service_servers_0ppEINtB7_23DrKeyIntraServiceServerpEINtCsamObgW7glvt_13tower_service7ServiceINtNtCsjYnxdl0q3X8_4http7request7RequestpEE4calls3_0Bd_
FNDA:0,_RNCNvXININtNtNtCsk5MUdMCAQgk_14scion_protobuf13control_plane2v127dr_key_intra_service_servers_0ppEINtB7_23DrKeyIntraServiceServerpEINtCsamObgW7glvt_13tower_service7ServiceINtNtCsjYnxdl0q3X8_4http7request7RequestpEE4calls_0Bd_
FNDA:0,_RNCNvXININtNtNtCsk5MUdMCAQgk_14scion_protobuf13control_plane2v128chain_renewal_service_servers_0ppEINtB7_25ChainRenewalServiceServerpEINtCsamObgW7glvt_13tower_service7ServiceINtNtCsjYnxdl0q3X8_4http7request7RequestpEE4call0Bd_
FNDA:0,_RNCNvXININtNtNtCsk5MUdMCAQgk_14scion_protobuf13control_plane2v128chain_renewal_service_servers_0ppEINtB7_25ChainRenewalServiceServerpEINtCsamObgW7glvt_13tower_service7ServiceINtNtCsjYnxdl0q3X8_4http7request7RequestpEE4calls_0Bd_
FNDA:0,_RNCNvXININtNtNtCsk5MUdMCAQgk_14scion_protobuf13control_plane2v129segment_lookup_service_servers_0ppEINtB7_26SegmentLookupServiceServerpEINtCsamObgW7glvt_13tower_service7ServiceINtNtCsjYnxdl0q3X8_4http7request7RequestpEE4call0Bd_
FNDA:0,_RNCNvXININtNtNtCsk5MUdMCAQgk_14scion_protobuf13control_plane2v129segment_lookup_service_servers_0ppEINtB7_26SegmentLookupServiceServerpEINtCsamObgW7glvt_13tower_service7ServiceINtNtCsjYnxdl0q3X8_4http7request7RequestpEE4calls_0Bd_
FNDA:0,_RNCNvXININtNtNtCsk5MUdMCAQgk_14scion_protobuf13control_plane2v129trust_material_service_servers_0ppEINtB7_26TrustMaterialServiceServerpEINtCsamObgW7glvt_13tower_service7ServiceINtNtCsjYnxdl0q3X8_4http7request7RequestpEE4call0Bd_
FNDA:0,_RNCNvXININtNtNtCsk5MUdMCAQgk_14scion_protobuf13control_plane2v129trust_material_service_servers_0ppEINtB7_26TrustMaterialServiceServerpEINtCsamObgW7glvt_13tower_service7ServiceINtNtCsjYnxdl0q3X8_4http7request7RequestpEE4calls0_0Bd_
FNDA:0,_RNCNvXININtNtNtCsk5MUdMCAQgk_14scion_protobuf13control_plane2v129trust_material_service_servers_0ppEINtB7_26TrustMaterialServiceServerpEINtCsamObgW7glvt_13tower_service7ServiceINtNtCsjYnxdl0q3X8_4http7request7RequestpEE4calls_0Bd_
FNDA:0,_RNCNvXININtNtNtCsk5MUdMCAQgk_14scion_protobuf13control_plane2v131segment_creation_service_servers_0ppEINtB7_28SegmentCreationServiceServerpEINtCsamObgW7glvt_13tower_service7ServiceINtNtCsjYnxdl0q3X8_4http7request7RequestpEE4call0Bd_
FNDA:0,_RNCNvXININtNtNtCsk5MUdMCAQgk_14scion_protobuf13control_plane2v131segment_creation_service_servers_0ppEINtB7_28SegmentCreationServiceServerpEINtCsamObgW7glvt_13tower_service7ServiceINtNtCsjYnxdl0q3X8_4http7request7RequestpEE4calls_0Bd_
FNDA:0,_RNCNvXININtNtNtCsk5MUdMCAQgk_14scion_protobuf13control_plane2v135segment_registration_service_servers_0ppEINtB7_32SegmentRegistrationServiceServerpEINtCsamObgW7glvt_13tower_service7ServiceINtNtCsjYnxdl0q3X8_4http7request7RequestpEE4call0Bd_
FNDA:0,_RNCNvXININtNtNtCsk5MUdMCAQgk_14scion_protobuf13control_plane2v135segment_registration_service_servers_0ppEINtB7_32SegmentRegistrationServiceServerpEINtCsamObgW7glvt_13tower_service7ServiceINtNtCsjYnxdl0q3X8_4http7request7RequestpEE4calls_0Bd_
FNDA:0,_RNCNvXININvXs_NtNtNtCsk5MUdMCAQgk_14scion_protobuf13control_plane2v127dr_key_inter_service_serverINtBc_23DrKeyInterServiceServerpEINtCsamObgW7glvt_13tower_service7ServiceINtNtCsjYnxdl0q3X8_4http7request7RequestpEE4call0pEINtB7_14DRKeyLevel1SvcpEINtNtNtCs5VJ8GLlaEd8_5tonic6server7service12UnaryServiceNtBe_18DrKeyLevel1RequestE4call0Bi_
FNDA:0,_RNCNvXININvXs_NtNtNtCsk5MUdMCAQgk_14scion_protobuf13control_plane2v127dr_key_intra_service_serverINtBc_23DrKeyIntraServiceServerpEINtCsamObgW7glvt_13tower_service7ServiceINtNtCsjYnxdl0q3X8_4http7request7RequestpEE4call0pEINtB7_19DRKeyIntraLevel1SvcpEINtNtNtCs5VJ8GLlaEd8_5tonic6server7service12UnaryServiceNtBe_23DrKeyIntraLevel1RequestE4call0Bi_
FNDA:0,_RNCNvXININvXs_NtNtNtCsk5MUdMCAQgk_14scion_protobuf13control_plane2v127dr_key_intra_service_serverINtBc_23DrKeyIntraServiceServerpEINtCsamObgW7glvt_13tower_service7ServiceINtNtCsjYnxdl0q3X8_4http7request7RequestpEE4calls0_0pEINtB7_14DRKeyHostASSvcpEINtNtNtCs5VJ8GLlaEd8_5tonic6server7service12UnaryServiceNtBe_18DrKeyHostAsRequestE4call0Bi_
FNDA:0,_RNCNvXININvXs_NtNtNtCsk5MUdMCAQgk_14scion_protobuf13control_plane2v127dr_key_intra_service_serverINtBc_23DrKeyIntraServiceServerpEINtCsamObgW7glvt_13tower_service7ServiceINtNtCsjYnxdl0q3X8_4http7request7RequestpEE4calls1_0pEINtB7_16DRKeyHostHostSvcpEINtNtNtCs5VJ8GLlaEd8_5tonic6server7service12UnaryServiceNtBe_20DrKeyHostHostRequestE4call0Bi_
FNDA:0,_RNCNvXININvXs_NtNtNtCsk5MUdMCAQgk_14scion_protobuf13control_plane2v127dr_key_intra_service_serverINtBc_23DrKeyIntraServiceServerpEINtCsamObgW7glvt_13tower_service7ServiceINtNtCsjYnxdl0q3X8_4http7request7RequestpEE4calls2_0pEINtB7_19DRKeySecretValueSvcpEINtNtNtCs5VJ8GLlaEd8_5tonic6server7service12UnaryServiceNtBe_23DrKeySecretValueRequestE4call0Bi_
FNDA:0,_RNCNvXININvXs_NtNtNtCsk5MUdMCAQgk_14scion_protobuf13control_plane2v127dr_key_intra_service_serverINtBc_23DrKeyIntraServiceServerpEINtCsamObgW7glvt_13tower_service7ServiceINtNtCsjYnxdl0q3X8_4http7request7RequestpEE4calls_0pEINtB7_14DRKeyASHostSvcpEINtNtNtCs5VJ8GLlaEd8_5tonic6server7service12UnaryServiceNtBe_18DrKeyAsHostRequestE4call0Bi_
FNDA:0,_RNCNvXININvXs_NtNtNtCsk5MUdMCAQgk_14scion_protobuf13control_plane2v128chain_renewal_service_serverINtBc_25ChainRenewalServiceServerpEINtCsamObgW7glvt_13tower_service7ServiceINtNtCsjYnxdl0q3X8_4http7request7RequestpEE4call0pEINtB7_15ChainRenewalSvcpEINtNtNtCs5VJ8GLlaEd8_5tonic6server7service12UnaryServiceNtBe_19ChainRenewalRequestE4call0Bi_
FNDA:0,_RNCNvXININvXs_NtNtNtCsk5MUdMCAQgk_14scion_protobuf13control_plane2v129segment_lookup_service_serverINtBc_26SegmentLookupServiceServerpEINtCsamObgW7glvt_13tower_service7ServiceINtNtCsjYnxdl0q3X8_4http7request7RequestpEE4call0pEINtB7_11SegmentsSvcpEINtNtNtCs5VJ8GLlaEd8_5tonic6server7service12UnaryServiceNtBe_15SegmentsRequestE4call0Bi_
FNDA:0,_RNCNvXININvXs_NtNtNtCsk5MUdMCAQgk_14scion_protobuf13control_plane2v129trust_material_service_serverINtBc_26TrustMaterialServiceServerpEINtCsamObgW7glvt_13tower_service7ServiceINtNtCsjYnxdl0q3X8_4http7request7RequestpEE4call0pEINtB7_9ChainsSvcpEINtNtNtCs5VJ8GLlaEd8_5tonic6server7service12UnaryServiceNtBe_13ChainsRequestE4call0Bi_
FNDA:0,_RNCNvXININvXs_NtNtNtCsk5MUdMCAQgk_14scion_protobuf13control_plane2v129trust_material_service_serverINtBc_26TrustMaterialServiceServerpEINtCsamObgW7glvt_13tower_service7ServiceINtNtCsjYnxdl0q3X8_4http7request7RequestpEE4calls_0pEINtB7_6TRCSvcpEINtNtNtCs5VJ8GLlaEd8_5tonic6server7service12UnaryServiceNtBe_10TrcRequestE4call0Bi_
FNDA:0,_RNCNvXININvXs_NtNtNtCsk5MUdMCAQgk_14scion_protobuf13control_plane2v131segment_creation_service_serverINtBc_28SegmentCreationServiceServerpEINtCsamObgW7glvt_13tower_service7ServiceINtNtCsjYnxdl0q3X8_4http7request7RequestpEE4call0pEINtB7_9BeaconSvcpEINtNtNtCs5VJ8GLlaEd8_5tonic6server7service12UnaryServiceNtBe_13BeaconRequestE4call0Bi_
FNDA:0,_RNCNvXININvXs_NtNtNtCsk5MUdMCAQgk_14scion_protobuf13control_plane2v135segment_registration_service_serverINtBc_32SegmentRegistrationServiceServerpEINtCsamObgW7glvt_13tower_service7ServiceINtNtCsjYnxdl0q3X8_4http7request7RequestpEE4call0pEINtB7_23SegmentsRegistrationSvcpEINtNtNtCs5VJ8GLlaEd8_5tonic6server7service12UnaryServiceNtBe_27SegmentsRegistrationRequestE4call0Bi_
FNDA:0,_RNvMNtNtCsk5MUdMCAQgk_14scion_protobuf13control_plane2v1NtB2_8LinkType11as_str_name
FNDA:0,_RNvMNtNtCsk5MUdMCAQgk_14scion_protobuf13control_plane2v1NtB2_8LinkType13from_str_name
FNDA:0,_RNvMNtNtNtCsk5MUdMCAQgk_14scion_protobuf13control_plane2v127dr_key_inter_service_serverINtB2_23DrKeyInterServiceServerpE15send_compressedB8_
FNDA:0,_RNvMNtNtNtCsk5MUdMCAQgk_14scion_protobuf13control_plane2v127dr_key_inter_service_serverINtB2_23DrKeyInterServiceServerpE17accept_compressedB8_
FNDA:0,_RNvMNtNtNtCsk5MUdMCAQgk_14scion_protobuf13control_plane2v127dr_key_inter_service_serverINtB2_23DrKeyInterServiceServerpE25max_decoding_message_sizeB8_
FNDA:0,_RNvMNtNtNtCsk5MUdMCAQgk_14scion_protobuf13control_plane2v127dr_key_inter_service_serverINtB2_23DrKeyInterServiceServerpE25max_encoding_message_sizeB8_
FNDA:0,_RNvMNtNtNtCsk5MUdMCAQgk_14scion_protobuf13control_plane2v127dr_key_inter_service_serverINtB2_23DrKeyInterServiceServerpE3newB8_
FNDA:0,_RNvMNtNtNtCsk5MUdMCAQgk_14scion_protobuf13control_plane2v127dr_key_inter_service_serverINtB2_23DrKeyInterServiceServerpE8from_arcB8_
FNDA:0,_RNvMNtNtNtCsk5MUdMCAQgk_14scion_protobuf13control_plane2v127dr_key_intra_service_serverINtB2_23DrKeyIntraServiceServerpE15send_compressedB8_
FNDA:0,_RNvMNtNtNtCsk5MUdMCAQgk_14scion_protobuf13control_plane2v127dr_key_intra_service_serverINtB2_23DrKeyIntraServiceServerpE17accept_compressedB8_
FNDA:0,_RNvMNtNtNtCsk5MUdMCAQgk_14scion_protobuf13control_plane2v127dr_key_intra_service_serverINtB2_23DrKeyIntraServiceServerpE25max_decoding_message_sizeB8_
FNDA:0,_RNvMNtNtNtCsk5MUdMCAQgk_14scion_protobuf13control_plane2v127dr_key_intra_service_serverINtB2_23DrKeyIntraServiceServerpE25max_encoding_message_sizeB8_
FNDA:0,_RNvMNtNtNtCsk5MUdMCAQgk_14scion_protobuf13control_plane2v127dr_key_intra_service_serverINtB2_23DrKeyIntraServiceServerpE3newB8_
FNDA:0,_RNvMNtNtNtCsk5MUdMCAQgk_14scion_protobuf13control_plane2v127dr_key_intra_service_serverINtB2_23DrKeyIntraServiceServerpE8from_arcB8_
FNDA:0,_RNvMNtNtNtCsk5MUdMCAQgk_14scion_protobuf13control_plane2v128chain_renewal_service_serverINtB2_25ChainRenewalServiceServerpE15send_compressedB8_
FNDA:0,_RNvMNtNtNtCsk5MUdMCAQgk_14scion_protobuf13control_plane2v128chain_renewal_service_serverINtB2_25ChainRenewalServiceServerpE17accept_compressedB8_
FNDA:0,_RNvMNtNtNtCsk5MUdMCAQgk_14scion_protobuf13control_plane2v128chain_renewal_service_serverINtB2_25ChainRenewalServiceServerpE25max_decoding_message_sizeB8_
FNDA:0,_RNvMNtNtNtCsk5MUdMCAQgk_14scion_protobuf13control_plane2v128chain_renewal_service_serverINtB2_25ChainRenewalServiceServerpE25max_encoding_message_sizeB8_
FNDA:0,_RNvMNtNtNtCsk5MUdMCAQgk_14scion_protobuf13control_plane2v128chain_renewal_service_serverINtB2_25ChainRenewalServiceServerpE3newB8_
FNDA:0,_RNvMNtNtNtCsk5MUdMCAQgk_14scion_protobuf13control_plane2v128chain_renewal_service_serverINtB2_25ChainRenewalServiceServerpE8from_arcB8_
FNDA:0,_RNvMNtNtNtCsk5MUdMCAQgk_14scion_protobuf13control_plane2v129segment_lookup_service_serverINtB2_26SegmentLookupServiceServerpE15send_compressedB8_
FNDA:0,_RNvMNtNtNtCsk5MUdMCAQgk_14scion_protobuf13control_plane2v129segment_lookup_service_serverINtB2_26SegmentLookupServiceServerpE17accept_compressedB8_
FNDA:0,_RNvMNtNtNtCsk5MUdMCAQgk_14scion_protobuf13control_plane2v129segment_lookup_service_serverINtB2_26SegmentLookupServiceServerpE25max_decoding_message_sizeB8_
FNDA:0,_RNvMNtNtNtCsk5MUdMCAQgk_14scion_protobuf13control_plane2v129segment_lookup_service_serverINtB2_26SegmentLookupServiceServerpE25max_encoding_message_sizeB8_
FNDA:0,_RNvMNtNtNtCsk5MUdMCAQgk_14scion_protobuf13control_plane2v129segment_lookup_service_serverINtB2_26SegmentLookupServiceServerpE3newB8_
FNDA:0,_RNvMNtNtNtCsk5MUdMCAQgk_14scion_protobuf13control_plane2v129segment_lookup_service_serverINtB2_26SegmentLookupServiceServerpE8from_arcB8_
FNDA:0,_RNvMNtNtNtCsk5MUdMCAQgk_14scion_protobuf13control_plane2v129trust_material_service_serverINtB2_26TrustMaterialServiceServerpE15send_compressedB8_
FNDA:0,_RNvMNtNtNtCsk5MUdMCAQgk_14scion_protobuf13control_plane2v129trust_material_service_serverINtB2_26TrustMaterialServiceServerpE17accept_compressedB8_
FNDA:0,_RNvMNtNtNtCsk5MUdMCAQgk_14scion_protobuf13control_plane2v129trust_material_service_serverINtB2_26TrustMaterialServiceServerpE25max_decoding_message_sizeB8_
FNDA:0,_RNvMNtNtNtCsk5MUdMCAQgk_14scion_protobuf13control_plane2v129trust_material_service_serverINtB2_26TrustMaterialServiceServerpE25max_encoding_message_sizeB8_
FNDA:0,_RNvMNtNtNtCsk5MUdMCAQgk_14scion_protobuf13control_plane2v129trust_material_service_serverINtB2_26TrustMaterialServiceServerpE3newB8_
FNDA:0,_RNvMNtNtNtCsk5MUdMCAQgk_14scion_protobuf13control_plane2v129trust_material_service_serverINtB2_26TrustMaterialServiceServerpE8from_arcB8_
FNDA:0,_RNvMNtNtNtCsk5MUdMCAQgk_14scion_protobuf13control_plane2v131segment_creation_service_serverINtB2_28SegmentCreationServiceServerpE15send_compressedB8_
FNDA:0,_RNvMNtNtNtCsk5MUdMCAQgk_14scion_protobuf13control_plane2v131segment_creation_service_serverINtB2_28SegmentCreationServiceServerpE17accept_compressedB8_
FNDA:0,_RNvMNtNtNtCsk5MUdMCAQgk_14scion_protobuf13control_plane2v131segment_creation_service_serverINtB2_28SegmentCreationServiceServerpE25max_decoding_message_sizeB8_
FNDA:0,_RNvMNtNtNtCsk5MUdMCAQgk_14scion_protobuf13control_plane2v131segment_creation_service_serverINtB2_28SegmentCreationServiceServerpE25max_encoding_message_sizeB8_
FNDA:0,_RNvMNtNtNtCsk5MUdMCAQgk_14scion_protobuf13control_plane2v131segment_creation_service_serverINtB2_28SegmentCreationServiceServerpE3newB8_
FNDA:0,_RNvMNtNtNtCsk5MUdMCAQgk_14scion_protobuf13control_plane2v131segment_creation_service_serverINtB2_28SegmentCreationServiceServerpE8from_arcB8_
FNDA:0,_RNvMNtNtNtCsk5MUdMCAQgk_14scion_protobuf13control_plane2v135segment_registration_service_serverINtB2_32SegmentRegistrationServiceServerpE15send_compressedB8_
FNDA:0,_RNvMNtNtNtCsk5MUdMCAQgk_14scion_protobuf13control_plane2v135segment_registration_service_serverINtB2_32SegmentRegistrationServiceServerpE17accept_compressedB8_
FNDA:0,_RNvMNtNtNtCsk5MUdMCAQgk_14scion_protobuf13control_plane2v135segment_registration_service_serverINtB2_32SegmentRegistrationServiceServerpE25max_decoding_message_sizeB8_
FNDA:0,_RNvMNtNtNtCsk5MUdMCAQgk_14scion_protobuf13control_plane2v135segment_registration_service_serverINtB2_32SegmentRegistrationServiceServerpE25max_encoding_message_sizeB8_
FNDA:0,_RNvMNtNtNtCsk5MUdMCAQgk_14scion_protobuf13control_plane2v135segment_registration_service_serverINtB2_32SegmentRegistrationServiceServerpE3newB8_
FNDA:0,_RNvMNtNtNtCsk5MUdMCAQgk_14scion_protobuf13control_plane2v135segment_registration_service_serverINtB2_32SegmentRegistrationServiceServerpE8from_arcB8_
FNDA:0,_RNvMs_NtNtCsk5MUdMCAQgk_14scion_protobuf13control_plane2v1NtB4_11SegmentType11as_str_name
FNDA:0,_RNvMs_NtNtCsk5MUdMCAQgk_14scion_protobuf13control_plane2v1NtB4_11SegmentType13from_str_name
FNDA:0,_RNvMs_NtNtNtCsk5MUdMCAQgk_14scion_protobuf13control_plane2v127dr_key_inter_service_clientINtB4_23DrKeyInterServiceClientpE11with_originBa_
FNDA:0,_RNvMs_NtNtNtCsk5MUdMCAQgk_14scion_protobuf13control_plane2v127dr_key_inter_service_clientINtB4_23DrKeyInterServiceClientpE15send_compressedBa_
FNDA:0,_RNvMs_NtNtNtCsk5MUdMCAQgk_14scion_protobuf13control_plane2v127dr_key_inter_service_clientINtB4_23DrKeyInterServiceClientpE17accept_compressedBa_
FNDA:0,_RNvMs_NtNtNtCsk5MUdMCAQgk_14scion_protobuf13control_plane2v127dr_key_inter_service_clientINtB4_23DrKeyInterServiceClientpE25max_decoding_message_sizeBa_
FNDA:0,_RNvMs_NtNtNtCsk5MUdMCAQgk_14scion_protobuf13control_plane2v127dr_key_inter_service_clientINtB4_23DrKeyInterServiceClientpE25max_encoding_message_sizeBa_
FNDA:0,_RNvMs_NtNtNtCsk5MUdMCAQgk_14scion_protobuf13control_plane2v127dr_key_inter_service_clientINtB4_23DrKeyInterServiceClientpE3newBa_
FNDA:0,_RNvMs_NtNtNtCsk5MUdMCAQgk_14scion_protobuf13control_plane2v127dr_key_intra_service_clientINtB4_23DrKeyIntraServiceClientpE11with_originBa_
FNDA:0,_RNvMs_NtNtNtCsk5MUdMCAQgk_14scion_protobuf13control_plane2v127dr_key_intra_service_clientINtB4_23DrKeyIntraServiceClientpE15send_compressedBa_
FNDA:0,_RNvMs_NtNtNtCsk5MUdMCAQgk_14scion_protobuf13control_plane2v127dr_key_intra_service_clientINtB4_23DrKeyIntraServiceClientpE17accept_compressedBa_
FNDA:0,_RNvMs_NtNtNtCsk5MUdMCAQgk_14scion_protobuf13control_plane2v127dr_key_intra_service_clientINtB4_23DrKeyIntraServiceClientpE25max_decoding_message_sizeBa_
FNDA:0,_RNvMs_NtNtNtCsk5MUdMCAQgk_14scion_protobuf13control_plane2v127dr_key_intra_service_clientINtB4_23DrKeyIntraServiceClientpE25max_encoding_message_sizeBa_
FNDA:0,_RNvMs_NtNtNtCsk5MUdMCAQgk_14scion_protobuf13control_plane2v127dr_key_intra_service_clientINtB4_23DrKeyIntraServiceClientpE3newBa_
FNDA:0,_RNvMs_NtNtNtCsk5MUdMCAQgk_14scion_protobuf13control_plane2v128chain_renewal_service_clientINtB4_25ChainRenewalServiceClientpE11with_originBa_
FNDA:0,_RNvMs_NtNtNtCsk5MUdMCAQgk_14scion_protobuf13control_plane2v128chain_renewal_service_clientINtB4_25ChainRenewalServiceClientpE15send_compressedBa_
FNDA:0,_RNvMs_NtNtNtCsk5MUdMCAQgk_14scion_protobuf13control_plane2v128chain_renewal_service_clientINtB4_25ChainRenewalServiceClientpE17accept_compressedBa_
FNDA:0,_RNvMs_NtNtNtCsk5MUdMCAQgk_14scion_protobuf13control_plane2v128chain_renewal_service_clientINtB4_25ChainRenewalServiceClientpE25max_decoding_message_sizeBa_
FNDA:0,_RNvMs_NtNtNtCsk5MUdMCAQgk_14scion_protobuf13control_plane2v128chain_renewal_service_clientINtB4_25ChainRenewalServiceClientpE25max_encoding_message_sizeBa_
FNDA:0,_RNvMs_NtNtNtCsk5MUdMCAQgk_14scion_protobuf13control_plane2v128chain_renewal_service_clientINtB4_25ChainRenewalServiceClientpE3newBa_
FNDA:0,_RNvMs_NtNtNtCsk5MUdMCAQgk_14scion_protobuf13control_plane2v129segment_lookup_service_clientINtB4_26SegmentLookupServiceClientpE11with_originBa_
FNDA:0,_RNvMs_NtNtNtCsk5MUdMCAQgk_14scion_protobuf13control_plane2v129segment_lookup_service_clientINtB4_26SegmentLookupServiceClientpE15send_compressedBa_
FNDA:0,_RNvMs_NtNtNtCsk5MUdMCAQgk_14scion_protobuf13control_plane2v129segment_lookup_service_clientINtB4_26SegmentLookupServiceClientpE17accept_compressedBa_
FNDA:0,_RNvMs_NtNtNtCsk5MUdMCAQgk_14scion_protobuf13control_plane2v129segment_lookup_service_clientINtB4_26SegmentLookupServiceClientpE25max_decoding_message_sizeBa_
FNDA:0,_RNvMs_NtNtNtCsk5MUdMCAQgk_14scion_protobuf13control_plane2v129segment_lookup_service_clientINtB4_26SegmentLookupServiceClientpE25max_encoding_message_sizeBa_
FNDA:0,_RNvMs_NtNtNtCsk5MUdMCAQgk_14scion_protobuf13control_plane2v129segment_lookup_service_clientINtB4_26SegmentLookupServiceClientpE3newBa_
FNDA:0,_RNvMs_NtNtNtCsk5MUdMCAQgk_14scion_protobuf13control_plane2v129trust_material_service_clientINtB4_26TrustMaterialServiceClientpE11with_originBa_
FNDA:0,_RNvMs_NtNtNtCsk5MUdMCAQgk_14scion_protobuf13control_plane2v129trust_material_service_clientINtB4_26TrustMaterialServiceClientpE15send_compressedBa_
FNDA:0,_RNvMs_NtNtNtCsk5MUdMCAQgk_14scion_protobuf13control_plane2v129trust_material_service_clientINtB4_26TrustMaterialServiceClientpE17accept_compressedBa_
FNDA:0,_RNvMs_NtNtNtCsk5MUdMCAQgk_14scion_protobuf13control_plane2v129trust_material_service_clientINtB4_26TrustMaterialServiceClientpE25max_decoding_message_sizeBa_
FNDA:0,_RNvMs_NtNtNtCsk5MUdMCAQgk_14scion_protobuf13control_plane2v129trust_material_service_clientINtB4_26TrustMaterialServiceClientpE25max_encoding_message_sizeBa_
FNDA:0,_RNvMs_NtNtNtCsk5MUdMCAQgk_14scion_protobuf13control_plane2v129trust_material_service_clientINtB4_26TrustMaterialServiceClientpE3newBa_
FNDA:0,_RNvMs_NtNtNtCsk5MUdMCAQgk_14scion_protobuf13control_plane2v131segment_creation_service_clientINtB4_28SegmentCreationServiceClientpE11with_originBa_
FNDA:0,_RNvMs_NtNtNtCsk5MUdMCAQgk_14scion_protobuf13control_plane2v131segment_creation_service_clientINtB4_28SegmentCreationServiceClientpE15send_compressedBa_
FNDA:0,_RNvMs_NtNtNtCsk5MUdMCAQgk_14scion_protobuf13control_plane2v131segment_creation_service_clientINtB4_28SegmentCreationServiceClientpE17accept_compressedBa_
FNDA:0,_RNvMs_NtNtNtCsk5MUdMCAQgk_14scion_protobuf13control_plane2v131segment_creation_service_clientINtB4_28SegmentCreationServiceClientpE25max_decoding_message_sizeBa_
FNDA:0,_RNvMs_NtNtNtCsk5MUdMCAQgk_14scion_protobuf13control_plane2v131segment_creation_service_clientINtB4_28SegmentCreationServiceClientpE25max_encoding_message_sizeBa_
FNDA:0,_RNvMs_NtNtNtCsk5MUdMCAQgk_14scion_protobuf13control_plane2v131segment_creation_service_clientINtB4_28SegmentCreationServiceClientpE3newBa_
FNDA:0,_RNvMs_NtNtNtCsk5MUdMCAQgk_14scion_protobuf13control_plane2v135segment_registration_service_clientINtB4_32SegmentRegistrationServiceClientpE11with_originBa_
FNDA:0,_RNvMs_NtNtNtCsk5MUdMCAQgk_14scion_protobuf13control_plane2v135segment_registration_service_clientINtB4_32SegmentRegistrationServiceClientpE15send_compressedBa_
FNDA:0,_RNvMs_NtNtNtCsk5MUdMCAQgk_14scion_protobuf13control_plane2v135segment_registration_service_clientINtB4_32SegmentRegistrationServiceClientpE17accept_compressedBa_
FNDA:0,_RNvMs_NtNtNtCsk5MUdMCAQgk_14scion_protobuf13control_plane2v135segment_registration_service_clientINtB4_32SegmentRegistrationServiceClientpE25max_decoding_message_sizeBa_
FNDA:0,_RNvMs_NtNtNtCsk5MUdMCAQgk_14scion_protobuf13control_plane2v135segment_registration_service_clientINtB4_32SegmentRegistrationServiceClientpE25max_encoding_message_sizeBa_
FNDA:0,_RNvMs_NtNtNtCsk5MUdMCAQgk_14scion_protobuf13control_plane2v135segment_registration_service_clientINtB4_32SegmentRegistrationServiceClientpE3newBa_
FNDA:0,_RNvXININtNtNtCsk5MUdMCAQgk_14scion_protobuf13control_plane2v127dr_key_inter_service_servers0_0pEINtB5_23DrKeyInterServiceServerpENtNtCs4eoa8Adtn6U_4core5clone5Clone5cloneBb_
FNDA:0,_RNvXININtNtNtCsk5MUdMCAQgk_14scion_protobuf13control_plane2v127dr_key_inter_service_servers_0ppEINtB5_23DrKeyInterServiceServerpEINtCsamObgW7glvt_13tower_service7ServiceINtNtCsjYnxdl0q3X8_4http7request7RequestpEE10poll_readyBb_
FNDA:0,_RNvXININtNtNtCsk5MUdMCAQgk_14scion_protobuf13control_plane2v127dr_key_inter_service_servers_0ppEINtB5_23DrKeyInterServiceServerpEINtCsamObgW7glvt_13tower_service7ServiceINtNtCsjYnxdl0q3X8_4http7request7RequestpEE4callBb_
FNDA:0,_RNvXININtNtNtCsk5MUdMCAQgk_14scion_protobuf13control_plane2v127dr_key_intra_service_servers0_0pEINtB5_23DrKeyIntraServiceServerpENtNtCs4eoa8Adtn6U_4core5clone5Clone5cloneBb_
FNDA:0,_RNvXININtNtNtCsk5MUdMCAQgk_14scion_protobuf13control_plane2v127dr_key_intra_service_servers_0ppEINtB5_23DrKeyIntraServiceServerpEINtCsamObgW7glvt_13tower_service7ServiceINtNtCsjYnxdl0q3X8_4http7request7RequestpEE10poll_readyBb_
FNDA:0,_RNvXININtNtNtCsk5MUdMCAQgk_14scion_protobuf13control_plane2v127dr_key_intra_service_servers_0ppEINtB5_23DrKeyIntraServiceServerpEINtCsamObgW7glvt_13tower_service7ServiceINtNtCsjYnxdl0q3X8_4http7request7RequestpEE4callBb_
FNDA:0,_RNvXININtNtNtCsk5MUdMCAQgk_14scion_protobuf13control_plane2v128chain_renewal_service_servers0_0pEINtB5_25ChainRenewalServiceServerpENtNtCs4eoa8Adtn6U_4core5clone5Clone5cloneBb_
FNDA:0,_RNvXININtNtNtCsk5MUdMCAQgk_14scion_protobuf13control_plane2v128chain_renewal_service_servers_0ppEINtB5_25ChainRenewalServiceServerpEINtCsamObgW7glvt_13tower_service7ServiceINtNtCsjYnxdl0q3X8_4http7request7RequestpEE10poll_readyBb_
FNDA:0,_RNvXININtNtNtCsk5MUdMCAQgk_14scion_protobuf13control_plane2v128chain_renewal_service_servers_0ppEINtB5_25ChainRenewalServiceServerpEINtCsamObgW7glvt_13tower_service7ServiceINtNtCsjYnxdl0q3X8_4http7request7RequestpEE4callBb_
FNDA:0,_RNvXININtNtNtCsk5MUdMCAQgk_14scion_protobuf13control_plane2v129segment_lookup_service_servers0_0pEINtB5_26SegmentLookupServiceServerpENtNtCs4eoa8Adtn6U_4core5clone5Clone5cloneBb_
FNDA:0,_RNvXININtNtNtCsk5MUdMCAQgk_14scion_protobuf13control_plane2v129segment_lookup_service_servers_0ppEINtB5_26SegmentLookupServiceServerpEINtCsamObgW7glvt_13tower_service7ServiceINtNtCsjYnxdl0q3X8_4http7request7RequestpEE10poll_readyBb_
FNDA:0,_RNvXININtNtNtCsk5MUdMCAQgk_14scion_protobuf13control_plane2v129segment_lookup_service_servers_0ppEINtB5_26SegmentLookupServiceServerpEINtCsamObgW7glvt_13tower_service7ServiceINtNtCsjYnxdl0q3X8_4http7request7RequestpEE4callBb_
FNDA:0,_RNvXININtNtNtCsk5MUdMCAQgk_14scion_protobuf13control_plane2v129trust_material_service_servers0_0pEINtB5_26TrustMaterialServiceServerpENtNtCs4eoa8Adtn6U_4core5clone5Clone5cloneBb_
FNDA:0,_RNvXININtNtNtCsk5MUdMCAQgk_14scion_protobuf13control_plane2v129trust_material_service_servers_0ppEINtB5_26TrustMaterialServiceServerpEINtCsamObgW7glvt_13tower_service7ServiceINtNtCsjYnxdl0q3X8_4http7request7RequestpEE10poll_readyBb_
[...]
DA:338,0
DA:339,0
DA:340,0
DA:341,0
DA:342,0
DA:343,0
DA:344,0
DA:345,0
DA:347,0
DA:350,0
DA:351,0
DA:352,0
DA:353,0
DA:354,0
DA:355,0
DA:356,0
DA:357,0
DA:358,0
DA:359,0
DA:360,0
DA:361,0
DA:364,0
DA:369,0
DA:370,0
DA:371,0
DA:372,0
DA:373,0
DA:374,0
DA:377,0
DA:378,0
DA:379,0
DA:383,0
DA:384,0
DA:385,0
DA:386,0
DA:387,0
DA:388,0
DA:389,0
DA:390,0
DA:395,0
DA:396,0
DA:397,0
DA:398,0
DA:399,0
DA:400,0
DA:403,0
DA:404,0
DA:405,0
DA:407,0
DA:409,0
DA:411,0
DA:414,0
DA:415,0
DA:416,0
DA:420,0
DA:421,0
DA:422,0
DA:423,0
DA:424,0
BRF:0
BRH:0
LF:277
LH:0
end_of_record
SF:/home/akelbsch/projects/scion/endhost/public/scion-proto/sciparse/src/scion/signed_message.rs
FN:113,_RINvMNtNtCsdVnVozic4xr_8sciparse5scion14signed_messageNtB3_13SignedMessage4signINtNtNtNtCs4eoa8Adtn6U_4core4iter8adapters5chain5ChainINtNtNtB1m_7sources4once4OnceRShEINtNtB1k_7flatten7FlatMapINtNtB1k_10take_while9TakeWhileINtNtNtB1o_5slice4iter4IterNtNtB5_7segment13SignedAsEntryENCNvMs6_B41_NtB41_7AsEntry15associated_data0EAB2A_j2_NCB4w_s_0EENtNtNtCsk5MUdMCAQgk_14scion_protobuf13control_plane2v117AsEntrySignedBodyuEB7_
FN:343,_RINvNtNtCsdVnVozic4xr_8sciparse5scion14signed_message4hashINtNtNtCsijO66K3sBEF_6digest8core_api7wrapper11CoreWrapperINtNtBZ_11ct_variable21CtVariableCoreWrapperNtNtCsiXRSApcwr7P_4sha28core_api13Sha256VarCoreINtNtCsdUgik4WyaT0_7typenum4uint4UIntIB3k_IB3k_IB3k_IB3k_IB3k_NtB3m_5UTermNtNtB3o_3bit2B1ENtB4x_2B0EB4L_EB4L_EB4L_EB4L_ENtB2C_9OidSha256EEINtNtNtNtCs4eoa8Adtn6U_4core4iter8adapters5chain5ChainINtNtNtB5E_7sources4once4OnceRShEINtNtB5C_7flatten7FlatMapINtNtB5C_10take_while9TakeWhileINtNtNtB5G_5slice4iter4IterNtNtB4_7segment13SignedAsEntryENCNvMs6_B8j_NtB8j_7AsEntry15associated_data0EAB6S_j2_NCB8O_s_0EEEB6_
FN:343,_RINvNtNtCsdVnVozic4xr_8sciparse5scion14signed_message4hashINtNtNtCsijO66K3sBEF_6digest8core_api7wrapper11CoreWrapperINtNtBZ_11ct_variable21CtVariableCoreWrapperNtNtCsiXRSApcwr7P_4sha28core_api13Sha512VarCoreINtNtCsdUgik4WyaT0_7typenum4uint4UIntIB3k_IB3k_IB3k_IB3k_IB3k_IB3k_NtB3m_5UTermNtNtB3o_3bit2B1ENtB4C_2B0EB4Q_EB4Q_EB4Q_EB4Q_EB4Q_ENtB2C_9OidSha512EEINtNtNtNtCs4eoa8Adtn6U_4core4iter8adapters5chain5ChainINtNtNtB5O_7sources4once4OnceRShEINtNtB5M_7flatten7FlatMapINtNtB5M_10take_while9TakeWhileINtNtNtB5Q_5slice4iter4IterNtNtB4_7segment13SignedAsEntryENCNvMs6_B8t_NtB8t_7AsEntry15associated_data0EAB72_j2_NCB8Y_s_0EEEB6_
FN:343,_RINvNtNtCsdVnVozic4xr_8sciparse5scion14signed_message4hashINtNtNtCsijO66K3sBEF_6digest8core_api7wrapper11CoreWrapperINtNtBZ_11ct_variable21CtVariableCoreWrapperNtNtCsiXRSApcwr7P_4sha28core_api13Sha512VarCoreINtNtCsdUgik4WyaT0_7typenum4uint4UIntIB3k_IB3k_IB3k_IB3k_IB3k_NtB3m_5UTermNtNtB3o_3bit2B1EB4v_ENtB4x_2B0EB4Q_EB4Q_EB4Q_ENtB2C_9OidSha384EEINtNtNtNtCs4eoa8Adtn6U_4core4iter8adapters5chain5ChainINtNtNtB5E_7sources4once4OnceRShEINtNtB5C_7flatten7FlatMapINtNtB5C_10take_while9TakeWhileINtNtNtB5G_5slice4iter4IterNtNtB4_7segment13SignedAsEntryENCNvMs6_B8j_NtB8j_7AsEntry15associated_data0EAB6S_j2_NCB8O_s_0EEEB6_
FN:134,_RNCINvMNtNtCsdVnVozic4xr_8sciparse5scion14signed_messageNtB5_13SignedMessage4signINtNtNtNtCs4eoa8Adtn6U_4core4iter8adapters5chain5ChainINtNtNtB1o_7sources4once4OnceRShEINtNtB1m_7flatten7FlatMapINtNtB1m_10take_while9TakeWhileINtNtNtB1q_5slice4iter4IterNtNtB7_7segment13SignedAsEntryENCNvMs6_B43_NtB43_7AsEntry15associated_data0EAB2C_j2_NCB4y_s_0EENtNtNtCsk5MUdMCAQgk_14scion_protobuf13control_plane2v117AsEntrySignedBodyuE0B9_
FN:324,_RNvMs1_NtNtCsdVnVozic4xr_8sciparse5scion14signed_messageNtB5_13SignedMessage8from_rpc
FN:316,_RNvMs1_NtNtCsdVnVozic4xr_8sciparse5scion14signed_messageNtB5_13SignedMessage8into_rpc
FN:332,_RNvXs2_NtNtCsdVnVozic4xr_8sciparse5scion14signed_messageNtB5_13SignedMessageINtNtCs4eoa8Adtn6U_4core7convert4FromNtNtNtCsk5MUdMCAQgk_14scion_protobuf6crypto2v113SignedMessageE4from
FN:263,_RINvMs0_NtNtCsdVnVozic4xr_8sciparse5scion14signed_messageNtB6_13SignedMessage16decode_validatedppppEBa_
FN:291,_RINvMs0_NtNtCsdVnVozic4xr_8sciparse5scion14signed_messageNtB6_13SignedMessage18decode_unvalidatedppEBa_
FN:192,_RINvMs_NtNtCsdVnVozic4xr_8sciparse5scion14signed_messageNtB5_13SignedMessage8validateppEB9_
FN:337,_RNvXs3_NtNtCsdVnVozic4xr_8sciparse5scion14signed_messageNtNtNtCsk5MUdMCAQgk_14scion_protobuf6crypto2v113SignedMessageINtNtCs4eoa8Adtn6U_4core7convert4FromNtB5_13SignedMessageE4from
FNDA:0,_RINvMNtNtCsdVnVozic4xr_8sciparse5scion14signed_messageNtB3_13SignedMessage4signINtNtNtNtCs4eoa8Adtn6U_4core4iter8adapters5chain5ChainINtNtNtB1m_7sources4once4OnceRShEINtNtB1k_7flatten7FlatMapINtNtB1k_10take_while9TakeWhileINtNtNtB1o_5slice4iter4IterNtNtB5_7segment13SignedAsEntryENCNvMs6_B41_NtB41_7AsEntry15associated_data0EAB2A_j2_NCB4w_s_0EENtNtNtCsk5MUdMCAQgk_14scion_protobuf13control_plane2v117AsEntrySignedBodyuEB7_
FNDA:0,_RINvNtNtCsdVnVozic4xr_8sciparse5scion14signed_message4hashINtNtNtCsijO66K3sBEF_6digest8core_api7wrapper11CoreWrapperINtNtBZ_11ct_variable21CtVariableCoreWrapperNtNtCsiXRSApcwr7P_4sha28core_api13Sha256VarCoreINtNtCsdUgik4WyaT0_7typenum4uint4UIntIB3k_IB3k_IB3k_IB3k_IB3k_NtB3m_5UTermNtNtB3o_3bit2B1ENtB4x_2B0EB4L_EB4L_EB4L_EB4L_ENtB2C_9OidSha256EEINtNtNtNtCs4eoa8Adtn6U_4core4iter8adapters5chain5ChainINtNtNtB5E_7sources4once4OnceRShEINtNtB5C_7flatten7FlatMapINtNtB5C_10take_while9TakeWhileINtNtNtB5G_5slice4iter4IterNtNtB4_7segment13SignedAsEntryENCNvMs6_B8j_NtB8j_7AsEntry15associated_data0EAB6S_j2_NCB8O_s_0EEEB6_
FNDA:0,_RINvNtNtCsdVnVozic4xr_8sciparse5scion14signed_message4hashINtNtNtCsijO66K3sBEF_6digest8core_api7wrapper11CoreWrapperINtNtBZ_11ct_variable21CtVariableCoreWrapperNtNtCsiXRSApcwr7P_4sha28core_api13Sha512VarCoreINtNtCsdUgik4WyaT0_7typenum4uint4UIntIB3k_IB3k_IB3k_IB3k_IB3k_IB3k_NtB3m_5UTermNtNtB3o_3bit2B1ENtB4C_2B0EB4Q_EB4Q_EB4Q_EB4Q_EB4Q_ENtB2C_9OidSha512EEINtNtNtNtCs4eoa8Adtn6U_4core4iter8adapters5chain5ChainINtNtNtB5O_7sources4once4OnceRShEINtNtB5M_7flatten7FlatMapINtNtB5M_10take_while9TakeWhileINtNtNtB5Q_5slice4iter4IterNtNtB4_7segment13SignedAsEntryENCNvMs6_B8t_NtB8t_7AsEntry15associated_data0EAB72_j2_NCB8Y_s_0EEEB6_
FNDA:0,_RINvNtNtCsdVnVozic4xr_8sciparse5scion14signed_message4hashINtNtNtCsijO66K3sBEF_6digest8core_api7wrapper11CoreWrapperINtNtBZ_11ct_variable21CtVariableCoreWrapperNtNtCsiXRSApcwr7P_4sha28core_api13Sha512VarCoreINtNtCsdUgik4WyaT0_7typenum4uint4UIntIB3k_IB3k_IB3k_IB3k_IB3k_NtB3m_5UTermNtNtB3o_3bit2B1EB4v_ENtB4x_2B0EB4Q_EB4Q_EB4Q_ENtB2C_9OidSha384EEINtNtNtNtCs4eoa8Adtn6U_4core4iter8adapters5chain5ChainINtNtNtB5E_7sources4once4OnceRShEINtNtB5C_7flatten7FlatMapINtNtB5C_10take_while9TakeWhileINtNtNtB5G_5slice4iter4IterNtNtB4_7segment13SignedAsEntryENCNvMs6_B8j_NtB8j_7AsEntry15associated_data0EAB6S_j2_NCB8O_s_0EEEB6_
FNDA:0,_RNCINvMNtNtCsdVnVozic4xr_8sciparse5scion14signed_messageNtB5_13SignedMessage4signINtNtNtNtCs4eoa8Adtn6U_4core4iter8adapters5chain5ChainINtNtNtB1o_7sources4once4OnceRShEINtNtB1m_7flatten7FlatMapINtNtB1m_10take_while9TakeWhileINtNtNtB1q_5slice4iter4IterNtNtB7_7segment13SignedAsEntryENCNvMs6_B43_NtB43_7AsEntry15associated_data0EAB2C_j2_NCB4y_s_0EENtNtNtCsk5MUdMCAQgk_14scion_protobuf13control_plane2v117AsEntrySignedBodyuE0B9_
FNDA:0,_RNvMs1_NtNtCsdVnVozic4xr_8sciparse5scion14signed_messageNtB5_13SignedMessage8from_rpc
FNDA:0,_RNvMs1_NtNtCsdVnVozic4xr_8sciparse5scion14signed_messageNtB5_13SignedMessage8into_rpc
FNDA:0,_RNvXs2_NtNtCsdVnVozic4xr_8sciparse5scion14signed_messageNtB5_13SignedMessageINtNtCs4eoa8Adtn6U_4core7convert4FromNtNtNtCsk5MUdMCAQgk_14scion_protobuf6crypto2v113SignedMessageE4from
FNDA:0,_RINvMs0_NtNtCsdVnVozic4xr_8sciparse5scion14signed_messageNtB6_13SignedMessage16decode_validatedppppEBa_
FNDA:0,_RINvMs0_NtNtCsdVnVozic4xr_8sciparse5scion14signed_messageNtB6_13SignedMessage18decode_unvalidatedppEBa_
FNDA:0,_RINvMs_NtNtCsdVnVozic4xr_8sciparse5scion14signed_messageNtB5_13SignedMessage8validateppEB9_
FNDA:0,_RNvXs3_NtNtCsdVnVozic4xr_8sciparse5scion14signed_messageNtNtNtCsk5MUdMCAQgk_14scion_protobuf6crypto2v113SignedMessageINtNtCs4eoa8Adtn6U_4core7convert4FromNtB5_13SignedMessageE4from
FNF:10
FNH:0
DA:113,0
DA:114,0
DA:115,0
DA:116,0
DA:117,0
DA:118,0
DA:119,0
DA:120,0
DA:121,0
DA:122,0
DA:124,0
DA:127,0
DA:130,0
DA:134,0
DA:136,0
DA:137,0
DA:138,0
DA:139,0
DA:140,0
DA:141,0
DA:142,0
DA:143,0
DA:144,0
DA:145,0
DA:147,0
DA:148,0
DA:149,0
DA:150,0
DA:153,0
DA:154,0
DA:155,0
DA:157,0
DA:160,0
DA:163,0
DA:167,0
DA:171,0
DA:173,0
DA:174,0
DA:175,0
DA:176,0
DA:177,0
DA:192,0
DA:193,0
DA:194,0
DA:195,0
DA:196,0
DA:199,0
DA:200,0
DA:202,0
DA:204,0
DA:205,0
DA:207,0
DA:209,0
DA:210,0
DA:211,0
DA:212,0
DA:213,0
DA:214,0
DA:216,0
DA:217,0
DA:219,0
DA:222,0
DA:225,0
DA:228,0
DA:230,0
DA:235,0
DA:236,0
DA:238,0
DA:241,0
DA:244,0
DA:249,0
DA:250,0
DA:252,0
DA:253,0
DA:254,0
DA:256,0
DA:258,0
DA:263,0
DA:264,0
DA:265,0
DA:266,0
DA:267,0
DA:268,0
DA:269,0
DA:270,0
DA:272,0
DA:274,0
DA:276,0
DA:278,0
DA:279,0
DA:282,0
DA:285,0
DA:286,0
DA:291,0
DA:292,0
DA:293,0
DA:294,0
DA:295,0
DA:296,0
DA:298,0
DA:299,0
DA:300,0
DA:302,0
DA:304,0
DA:305,0
DA:307,0
DA:310,0
DA:311,0
DA:316,0
DA:317,0
DA:318,0
DA:319,0
DA:320,0
DA:321,0
DA:324,0
DA:325,0
DA:326,0
DA:327,0
DA:328,0
DA:329,0
DA:332,0
DA:333,0
DA:334,0
DA:337,0
DA:338,0
DA:339,0
DA:343,0
DA:344,0
DA:345,0
DA:346,0
DA:347,0
DA:348,0
DA:349,0
DA:350,0
BRF:0
BRH:0
LF:135
LH:0
end_of_record
SF:/home/akelbsch/projects/scion/endhost/public/scion-proto/sciparse/src/util.rs
FN:41,_RNvXININtCsdVnVozic4xr_8sciparse4util0pEpNtB5_7ToValue15arbitrary_valueB7_
FN:45,_RNvXININtCsdVnVozic4xr_8sciparse4util0pEpNtB5_7ToValue20arbitrary_value_withB7_
FNDA:0,_RNvXININtCsdVnVozic4xr_8sciparse4util0pEpNtB5_7ToValue15arbitrary_valueB7_
FNDA:0,_RNvXININtCsdVnVozic4xr_8sciparse4util0pEpNtB5_7ToValue20arbitrary_value_withB7_
FNF:2
FNH:0
DA:41,0
DA:42,0
DA:43,0
DA:45,0
DA:48,0
DA:49,0
DA:50,0
DA:52,0
DA:53,0
DA:54,0
DA:55,0
DA:57,0
DA:59,0
DA:60,0
DA:61,0
DA:62,0
DA:63,0
BRF:0
BRH:0
LF:17
LH:0
end_of_record
SF:/home/akelbsch/projects/scion/endhost/public/scion-proto/sciparse/src/util/fuzz/packet_shape.rs
FN:36,_RNvNtNtNtCsdVnVozic4xr_8sciparse4util4fuzz12packet_shape20bias_to_packet_shape
FNDA:0,_RNvNtNtNtCsdVnVozic4xr_8sciparse4util4fuzz12packet_shape20bias_to_packet_shape
FNF:1
FNH:0
DA:36,0
DA:37,0
DA:38,0
DA:39,0
DA:41,0
DA:44,0
DA:49,0
DA:53,0
DA:57,0
DA:58,0
DA:62,0
DA:63,0
DA:64,0
DA:65,0
DA:68,0
DA:69,0
DA:70,0
DA:73,0
DA:74,0
DA:75,0
DA:76,0
DA:80,0
DA:81,0
DA:82,0
DA:84,0
DA:86,0
DA:87,0
DA:88,0
BRF:0
BRH:0
LF:28
LH:0
end_of_record
SF:/home/akelbsch/projects/scion/endhost/public/scion-proto/sciparse/src/util/fuzz/view_function_checks.rs
FN:55,_RNvNtNtNtCsdVnVozic4xr_8sciparse4util4fuzz20view_function_checks17read_slice_bounds
FN:68,_RNvNtNtNtCsdVnVozic4xr_8sciparse4util4fuzz20view_function_checks18touch_slice_bounds
FNDA:12779,_RNvNtNtNtCsdVnVozic4xr_8sciparse4util4fuzz20view_function_checks17read_slice_bounds
FNDA:1145,_RNvNtNtNtCsdVnVozic4xr_8sciparse4util4fuzz20view_function_checks18touch_slice_bounds
FNF:2
FNH:2
DA:55,12779
DA:56,12779
DA:57,12361
DA:58,12361
DA:59,12779
DA:60,12361
DA:61,12361
DA:62,12779
DA:68,1145
DA:69,1145
DA:70,948
DA:71,948
DA:72,1145
DA:73,948
DA:74,948
DA:75,1145
BRF:0
BRH:0
LF:16
LH:16
end_of_record
SF:/home/akelbsch/projects/scion/endhost/public/scion-proto/sciparse/src/util/fuzz/view_function_checks/header.rs
FN:34,_RNvNtNtNtNtCsdVnVozic4xr_8sciparse4util4fuzz20view_function_checks6header24exec_every_view_function
FNDA:628,_RNvNtNtNtNtCsdVnVozic4xr_8sciparse4util4fuzz20view_function_checks6header24exec_every_view_function
FNF:1
FNH:1
DA:34,628
DA:36,628
DA:37,628
DA:38,628
DA:39,628
DA:40,628
DA:41,628
DA:42,628
DA:43,628
DA:44,628
DA:45,628
DA:47,628
DA:48,628
DA:49,628
DA:50,628
DA:52,628
DA:53,628
DA:54,628
DA:55,628
DA:56,628
DA:57,628
DA:58,628
DA:61,628
DA:62,628
DA:63,628
DA:64,628
DA:65,628
DA:66,628
DA:69,628
DA:70,628
DA:71,628
DA:73,628
DA:74,628
DA:75,628
DA:76,628
DA:79,628
DA:80,75
DA:81,17
DA:82,517
DA:83,517
DA:84,517
DA:85,19
DA:89,628
DA:90,75
DA:91,17
DA:92,517
DA:93,517
DA:94,517
DA:95,19
DA:97,628
BRF:0
BRH:0
LF:50
LH:50
end_of_record
SF:/home/akelbsch/projects/scion/endhost/public/scion-proto/sciparse/src/util/fuzz/view_function_checks/packet.rs
FN:85,_RNvNtNtNtNtCsdVnVozic4xr_8sciparse4util4fuzz20view_function_checks6packet20exec_udp_packet_view
FN:122,_RNvNtNtNtNtCsdVnVozic4xr_8sciparse4util4fuzz20view_function_checks6packet21exec_scmp_packet_view
FN:35,_RNvNtNtNtNtCsdVnVozic4xr_8sciparse4util4fuzz20view_function_checks6packet24exec_every_view_function
FN:106,_RNvNtNtNtNtCsdVnVozic4xr_8sciparse4util4fuzz20view_function_checks6packet24exec_udp_packet_view_mut
FN:143,_RNvNtNtNtNtCsdVnVozic4xr_8sciparse4util4fuzz20view_function_checks6packet25exec_scmp_packet_view_mut
FNDA:307,_RNvNtNtNtNtCsdVnVozic4xr_8sciparse4util4fuzz20view_function_checks6packet20exec_udp_packet_view
FNDA:457,_RNvNtNtNtNtCsdVnVozic4xr_8sciparse4util4fuzz20view_function_checks6packet21exec_scmp_packet_view
FNDA:289,_RNvNtNtNtNtCsdVnVozic4xr_8sciparse4util4fuzz20view_function_checks6packet24exec_every_view_function
FNDA:148,_RNvNtNtNtNtCsdVnVozic4xr_8sciparse4util4fuzz20view_function_checks6packet24exec_udp_packet_view_mut
FNDA:191,_RNvNtNtNtNtCsdVnVozic4xr_8sciparse4util4fuzz20view_function_checks6packet25exec_scmp_packet_view_mut
FNF:5
FNH:5
DA:35,289
DA:37,289
DA:38,289
DA:39,289
DA:42,289
DA:43,289
DA:47,289
DA:48,232
DA:50,232
DA:51,11
DA:52,11
DA:53,11
DA:54,75
DA:55,75
DA:56,75
DA:57,146
DA:59,57
DA:66,289
DA:67,148
DA:68,148
DA:70,289
DA:71,191
DA:72,191
DA:75,289
DA:76,148
DA:77,148
DA:79,289
DA:80,191
DA:81,191
DA:82,289
DA:85,307
DA:86,307
DA:87,307
DA:88,307
DA:90,307
DA:91,307
DA:92,307
DA:93,307
DA:94,307
DA:95,307
DA:96,307
DA:99,307
DA:100,307
DA:101,307
DA:102,307
DA:103,307
DA:106,148
DA:107,148
DA:109,148
DA:112,148
DA:113,148
DA:114,148
DA:115,148
DA:117,148
DA:118,148
DA:119,148
DA:122,457
DA:123,457
DA:124,457
DA:125,457
DA:127,457
DA:128,457
DA:129,457
DA:130,457
DA:131,457
DA:132,457
DA:133,457
DA:136,457
DA:137,457
DA:138,457
DA:139,457
DA:140,457
DA:143,191
DA:144,191
DA:146,191
DA:149,191
DA:150,191
DA:151,191
DA:152,191
DA:153,191
DA:154,191
DA:155,191
DA:156,191
DA:159,191
DA:160,191
DA:161,191
BRF:0
BRH:0
LF:86
LH:86
end_of_record
SF:/home/akelbsch/projects/scion/endhost/public/scion-proto/sciparse/src/util/fuzz/view_function_checks/path.rs
FN:54,_RNvNtNtNtNtCsdVnVozic4xr_8sciparse4util4fuzz20view_function_checks4path19exec_hop_field_view
FN:35,_RNvNtNtNtNtCsdVnVozic4xr_8sciparse4util4fuzz20view_function_checks4path20exec_info_field_view
FN:181,_RNvNtNtNtNtCsdVnVozic4xr_8sciparse4util4fuzz20view_function_checks4path21exec_onehop_path_view
FN:64,_RNvNtNtNtNtCsdVnVozic4xr_8sciparse4util4fuzz20view_function_checks4path23exec_hop_field_view_mut
FN:77,_RNvNtNtNtNtCsdVnVozic4xr_8sciparse4util4fuzz20view_function_checks4path23exec_standard_path_view
FN:43,_RNvNtNtNtNtCsdVnVozic4xr_8sciparse4util4fuzz20view_function_checks4path24exec_info_field_view_mut
FN:199,_RNvNtNtNtNtCsdVnVozic4xr_8sciparse4util4fuzz20view_function_checks4path25exec_onehop_path_view_mut
FN:133,_RNvNtNtNtNtCsdVnVozic4xr_8sciparse4util4fuzz20view_function_checks4path27exec_standard_path_view_mut
FNDA:6366,_RNvNtNtNtNtCsdVnVozic4xr_8sciparse4util4fuzz20view_function_checks4path19exec_hop_field_view
FNDA:711,_RNvNtNtNtNtCsdVnVozic4xr_8sciparse4util4fuzz20view_function_checks4path20exec_info_field_view
FNDA:34,_RNvNtNtNtNtCsdVnVozic4xr_8sciparse4util4fuzz20view_function_checks4path21exec_onehop_path_view
FNDA:2122,_RNvNtNtNtNtCsdVnVozic4xr_8sciparse4util4fuzz20view_function_checks4path23exec_hop_field_view_mut
FNDA:150,_RNvNtNtNtNtCsdVnVozic4xr_8sciparse4util4fuzz20view_function_checks4path23exec_standard_path_view
FNDA:237,_RNvNtNtNtNtCsdVnVozic4xr_8sciparse4util4fuzz20view_function_checks4path24exec_info_field_view_mut
FNDA:17,_RNvNtNtNtNtCsdVnVozic4xr_8sciparse4util4fuzz20view_function_checks4path25exec_onehop_path_view_mut
FNDA:75,_RNvNtNtNtNtCsdVnVozic4xr_8sciparse4util4fuzz20view_function_checks4path27exec_standard_path_view_mut
FNF:8
FNH:8
DA:35,711
DA:36,711
DA:37,711
DA:38,711
DA:39,711
DA:40,711
DA:43,237
DA:44,237
DA:46,237
DA:47,237
DA:48,237
DA:49,237
DA:54,6366
DA:55,6366
DA:56,6366
DA:57,6366
DA:58,6366
DA:59,6366
DA:60,6366
DA:61,6366
DA:64,2122
DA:65,2122
DA:67,2122
DA:68,2122
DA:69,2122
DA:70,2122
DA:71,2122
DA:72,2122
DA:77,150
DA:78,150
DA:79,150
DA:80,150
DA:81,150
DA:82,150
DA:83,150
DA:84,150
DA:85,150
DA:88,220
DA:89,220
DA:90,220
DA:93,2088
DA:94,2088
DA:95,2088
DA:98,220
DA:99,220
DA:100,220
DA:101,220
DA:103,2088
DA:104,2088
DA:105,2088
DA:106,2088
DA:110,150
DA:111,150
DA:114,2088
DA:115,2088
DA:118,150
DA:119,150
DA:120,150
DA:124,150
DA:125,2088
DA:126,2088
DA:127,2088
DA:128,2088
DA:129,26
DA:130,150
DA:133,75
DA:134,75
DA:137,75
DA:138,75
DA:141,75
DA:142,75
DA:143,75
DA:144,75
DA:145,75
DA:148,110
DA:149,110
DA:150,110
DA:151,1044
DA:152,1044
DA:153,1044
DA:156,110
DA:157,110
DA:158,110
DA:159,110
DA:161,110
DA:162,110
DA:163,110
DA:166,1044
DA:167,1044
DA:168,1044
DA:169,1044
DA:171,1044
DA:172,1044
DA:173,1044
DA:176,75
DA:181,34
DA:182,34
DA:183,34
DA:185,34
DA:186,34
DA:187,34
DA:190,34
DA:191,34
DA:192,34
DA:193,34
DA:195,34
DA:196,34
DA:199,17
DA:200,17
DA:202,17
DA:203,17
DA:205,17
DA:206,17
DA:207,17
DA:208,17
DA:212,17
DA:213,17
DA:214,17
DA:217,17
DA:218,17
DA:219,17
DA:220,17
DA:221,17
BRF:0
BRH:0
LF:123
LH:123
end_of_record
SF:/home/akelbsch/projects/scion/endhost/public/scion-proto/sciparse/src/util/fuzz/view_function_checks/payload/scmp.rs
FN:36,_RNvNtNtNtNtNtCsdVnVozic4xr_8sciparse4util4fuzz20view_function_checks7payload4scmp24exec_every_view_function
FNDA:0,_RNvNtNtNtNtNtCsdVnVozic4xr_8sciparse4util4fuzz20view_function_checks7payload4scmp24exec_every_view_function
FNF:1
FNH:0
DA:36,0
DA:38,0
DA:39,0
DA:40,0
DA:41,0
DA:42,0
DA:44,0
DA:45,0
DA:47,0
DA:50,0
DA:51,0
DA:52,0
DA:53,0
DA:54,0
DA:55,0
DA:56,0
DA:57,0
DA:58,0
DA:59,0
DA:60,0
DA:61,0
DA:62,0
DA:63,0
DA:64,0
DA:65,0
DA:66,0
DA:67,0
DA:68,0
DA:69,0
DA:70,0
DA:71,0
DA:72,0
DA:73,0
DA:74,0
DA:75,0
DA:76,0
DA:77,0
DA:78,0
DA:79,0
DA:80,0
DA:81,0
DA:82,0
DA:83,0
DA:84,0
DA:85,0
DA:86,0
DA:87,0
DA:88,0
DA:89,0
DA:90,0
DA:91,0
DA:92,0
DA:93,0
DA:94,0
DA:95,0
DA:96,0
DA:97,0
DA:98,0
DA:99,0
DA:100,0
DA:101,0
DA:102,0
DA:103,0
DA:104,0
DA:105,0
DA:106,0
DA:107,0
DA:108,0
DA:109,0
DA:110,0
DA:111,0
DA:112,0
DA:113,0
DA:114,0
DA:115,0
DA:116,0
DA:117,0
DA:118,0
DA:119,0
DA:120,0
DA:121,0
DA:122,0
DA:123,0
DA:124,0
DA:125,0
DA:126,0
DA:127,0
DA:128,0
DA:129,0
DA:130,0
DA:131,0
DA:132,0
DA:133,0
DA:134,0
DA:135,0
DA:136,0
DA:137,0
DA:138,0
DA:139,0
DA:140,0
DA:144,0
DA:145,0
DA:146,0
DA:147,0
DA:148,0
DA:149,0
DA:150,0
DA:151,0
DA:152,0
DA:153,0
DA:154,0
DA:155,0
DA:156,0
DA:157,0
DA:158,0
DA:159,0
DA:160,0
DA:161,0
DA:162,0
DA:163,0
DA:164,0
DA:165,0
DA:166,0
DA:167,0
DA:168,0
DA:169,0
DA:170,0
DA:171,0
DA:172,0
DA:173,0
DA:174,0
DA:175,0
DA:176,0
DA:177,0
DA:178,0
DA:179,0
DA:180,0
DA:181,0
DA:182,0
DA:183,0
DA:184,0
DA:185,0
DA:186,0
DA:187,0
DA:188,0
DA:189,0
DA:190,0
DA:191,0
DA:192,0
DA:193,0
DA:194,0
DA:195,0
DA:196,0
DA:197,0
DA:198,0
DA:199,0
DA:200,0
DA:201,0
DA:202,0
DA:203,0
DA:204,0
DA:205,0
DA:206,0
DA:207,0
DA:208,0
DA:209,0
DA:210,0
DA:211,0
DA:212,0
DA:213,0
DA:214,0
DA:215,0
DA:216,0
DA:217,0
DA:218,0
DA:219,0
DA:220,0
DA:221,0
DA:222,0
DA:223,0
DA:224,0
DA:225,0
DA:227,0
BRF:0
BRH:0
LF:183
LH:0
end_of_record
SF:/home/akelbsch/projects/scion/endhost/public/scion-proto/sciparse/src/util/fuzz/view_function_checks/payload/udp.rs
FN:35,_RNvNtNtNtNtNtCsdVnVozic4xr_8sciparse4util4fuzz20view_function_checks7payload3udp24exec_every_view_function
FN:23,_RNvNtNtNtNtNtCsdVnVozic4xr_8sciparse4util4fuzz20view_function_checks7payload3udp28exec_every_view_function_ref
FNDA:0,_RNvNtNtNtNtNtCsdVnVozic4xr_8sciparse4util4fuzz20view_function_checks7payload3udp24exec_every_view_function
FNDA:148,_RNvNtNtNtNtNtCsdVnVozic4xr_8sciparse4util4fuzz20view_function_checks7payload3udp28exec_every_view_function_ref
FNF:2
FNH:1
DA:23,148
DA:24,148
DA:25,148
DA:26,148
DA:27,148
DA:28,148
DA:29,148
DA:30,148
DA:35,0
DA:36,0
DA:38,0
DA:39,0
DA:40,0
DA:41,0
DA:42,0
DA:43,0
BRF:0
BRH:0
LF:16
LH:8
end_of_record
